<?xml version="1.0" encoding="utf-8"?>
<TestRun id="0be2f74f-d88d-4f71-90ff-24882bdd7e30" name="qingu@QINS-WINDOWS 2026-04-18 15:15:51.5166876" xmlns="http://microsoft.com/schemas/VisualStudio/TeamTest/2010">
  <Times creation="2026-04-18T15:15:07.6952208Z" queuing="2026-04-18T15:15:07.6952208Z" start="2026-04-18T15:15:07.6952208Z" finish="2026-04-18T15:15:51.5181598Z" />
  <TestSettings name="default" id="1ff3f714-0595-4ecd-b008-2258ba90d454">
    <Deployment runDeploymentRoot="qingu_QINS-WINDOWS_2026-04-18_15_15_51.5166876" />
  </TestSettings>
  <Results>
    <UnitTestResult executionId="eab12efe-e4ce-4cb9-a619-4017a6788972" testId="78a77f48-02a6-1ca1-dfbe-25ce173ef5d3" testName="WhoAmI_WithoutAuthentication_ReturnsUnauthorized" computerName="QINS-WINDOWS" duration="00:00:00.0000005" startTime="2026-04-18T15:15:48.9755276+00:00" endTime="2026-04-18T15:15:48.9755271+00:00" testType="13CDC9D9-DDB5-4fa4-A97D-D965CCFC6D4B" outcome="Failed" testListId="8C84FA94-04C1-424b-9868-57A2D4851A1D" relativeResultsDirectory="eab12efe-e4ce-4cb9-a619-4017a6788972">
      <Output>
        <ErrorInfo>
          <Message>BeforeTestSessionException: BeforeTestSession hook failed: An error occurred while writing to logger(s). (Cannot open log for source '.NET Runtime'. You may not have write access.)</Message>
          <StackTrace>   at TUnit.Engine.Services.HookExecutor.ExecuteBeforeTestSessionHooksAsync(CancellationToken cancellationToken)
   at TUnit.Engine.TestExecutor.ExecuteAsync(AbstractExecutableTest executableTest, TestInitializer testInitializer, CancellationToken cancellationToken, Nullable`1 testTimeout)
   at TUnit.Engine.TestExecutor.ExecuteAsync(AbstractExecutableTest executableTest, TestInitializer testInitializer, CancellationToken cancellationToken, Nullable`1 testTimeout)
   at TUnit.Engine.TestExecutor.EnsureTestSessionHooksExecutedAsync(CancellationToken cancellationToken)
   at TUnit.Engine.TestExecutor.EnsureTestSessionHooksExecutedAsync(CancellationToken cancellationToken)
   at TUnit.Engine.TestExecutor.ExecuteAsync(AbstractExecutableTest executableTest, TestInitializer testInitializer, CancellationToken cancellationToken, Nullable`1 testTimeout)
   at TUnit.Engine.Services.TestExecution.TestCoordinator.ExecuteTestLifecycleAsync(AbstractExecutableTest test, CancellationToken cancellationToken)
   at TUnit.Engine.Services.TestExecution.TestCoordinator.ExecuteTestLifecycleAsync(AbstractExecutableTest test, CancellationToken cancellationToken)
   at TUnit.Engine.TestExecutor.ExecuteAsync(AbstractExecutableTest executableTest, TestInitializer testInitializer, CancellationToken cancellationToken, Nullable`1 testTimeout)
   at TUnit.Engine.TestExecutor.ExecuteAsync(AbstractExecutableTest executableTest, TestInitializer testInitializer, CancellationToken cancellationToken, Nullable`1 testTimeout)
   at TUnit.Engine.Services.TestExecution.TestCoordinator.ExecuteTestLifecycleAsync(AbstractExecutableTest test, CancellationToken cancellationToken)
   at TUnit.Engine.Services.TestExecution.TestCoordinator.ExecuteTestLifecycleAsync(AbstractExecutableTest test, CancellationToken cancellationToken)
   at TUnit.Engine.Services.TestExecution.TestCoordinator.ExecuteTestLifecycleAsync(AbstractExecutableTest test, CancellationToken cancellationToken)
   at TUnit.Engine.Services.TestExecution.RetryHelper.ExecuteWithRetry(TestContext testContext, Func`1 action)
   at TUnit.Engine.Services.TestExecution.RetryHelper.ExecuteWithRetry(TestContext testContext, Func`1 action)
   at TUnit.Engine.Services.TestExecution.TestCoordinator.ExecuteTestInternalAsync(AbstractExecutableTest test, CancellationToken cancellationToken)</StackTrace>
        </ErrorInfo>
      </Output>
    </UnitTestResult>
    <UnitTestResult executionId="005daf45-ef8a-44fb-9f58-b81ac15ea141" testId="bed5161d-15a4-fc42-e2c6-67c08428ad34" testName="DeleteChallenge_WithNoSubmissions_ReturnsNoContent" computerName="QINS-WINDOWS" duration="00:00:00.0000006" startTime="2026-04-18T15:15:48.9766467+00:00" endTime="2026-04-18T15:15:48.9766461+00:00" testType="13CDC9D9-DDB5-4fa4-A97D-D965CCFC6D4B" outcome="Failed" testListId="8C84FA94-04C1-424b-9868-57A2D4851A1D" relativeResultsDirectory="005daf45-ef8a-44fb-9f58-b81ac15ea141">
      <Output>
        <StdOut>info: Aspire.Hosting.DistributedApplication[0]
      Aspire version: 13.2.2+25961cf7043e413abaf8ad84348988f2904b90d5
info: Aspire.Hosting.DistributedApplication[0]
      Distributed application starting.
info: Aspire.Hosting.DistributedApplication[0]
      Application host directory is: D:\source\repos\GeeksHacking\portal\GeeksHackingPortal.AppHost
fail: Aspire.Hosting.Backchannel.AuxiliaryBackchannelService[0]
      Error in auxiliary backchannel service.
      System.UnauthorizedAccessException: Access to the path 'C:\Users\CodexSandboxOffline\.aspire\cli\backchannels' is denied.
         at System.IO.FileSystem.CreateDirectory(String fullPath, Byte[] securityDescriptor)
         at System.IO.Directory.CreateDirectory(String path)
         at Aspire.Hosting.Backchannel.AuxiliaryBackchannelService.ExecuteAsync(CancellationToken stoppingToken) in /_/src/Aspire.Hosting/Backchannel/AuxiliaryBackchannelService.cs:line 54
fail: Microsoft.Extensions.Hosting.Internal.Host[9]
      BackgroundService failed
      System.AggregateException: An error occurred while writing to logger(s). (Cannot open log for source '.NET Runtime'. You may not have write access.)
       ---&gt; System.InvalidOperationException: Cannot open log for source '.NET Runtime'. You may not have write access.
       ---&gt; System.ComponentModel.Win32Exception (5): Access is denied.
         --- End of inner exception stack trace ---
         at System.Diagnostics.EventLogInternal.OpenForWrite(String currentMachineName)
         at System.Diagnostics.EventLogInternal.InternalWriteEvent(UInt32 eventID, UInt16 category, EventLogEntryType type, String[] strings, Byte[] rawData, String currentMachineName)
         at System.Diagnostics.EventLogInternal.WriteEvent(EventInstance instance, Byte[] data, Object[] values)
         at Microsoft.Extensions.Logging.EventLog.WindowsEventLog.WriteEntry(String message, EventLogEntryType type, Int32 eventID, Int16 category)
         at Microsoft.Extensions.Logging.EventLog.EventLogLogger.WriteMessage(String message, EventLogEntryType eventLogEntryType, Int32 eventId)
         at Microsoft.Extensions.Logging.EventLog.EventLogLogger.Log[TState](LogLevel logLevel, EventId eventId, TState state, Exception exception, Func`3 formatter)
         at Microsoft.Extensions.Logging.Logger.&lt;Log&gt;g__LoggerLog|14_0[TState](LogLevel logLevel, EventId eventId, ILogger logger, Exception exception, Func`3 formatter, List`1&amp; exceptions, TState&amp; state)
         --- End of inner exception stack trace ---
         at Microsoft.Extensions.Logging.Logger.ThrowLoggingError(List`1 exceptions)
         at Microsoft.Extensions.Logging.Logger.Log[TState](LogLevel logLevel, EventId eventId, TState state, Exception exception, Func`3 formatter)
         at Microsoft.Extensions.Logging.LoggerExtensions.Log(ILogger logger, LogLevel logLevel, EventId eventId, Exception exception, String message, Object[] args)
         at Microsoft.Extensions.Logging.LoggerExtensions.LogError(ILogger logger, Exception exception, String message, Object[] args)
         at Aspire.Hosting.Backchannel.AuxiliaryBackchannelService.ExecuteAsync(CancellationToken stoppingToken) in /_/src/Aspire.Hosting/Backchannel/AuxiliaryBackchannelService.cs:line 113
         at Microsoft.Extensions.Hosting.Internal.Host.TryExecuteBackgroundServiceAsync(BackgroundService backgroundService)
warn: Aspire.Hosting.Dcp.DcpHost[0]
      Container runtime 'podman' was found but appears to be unhealthy. Ensure that Podman is running.
fail: Microsoft.Extensions.Hosting.Internal.Host[11]
      Hosting failed to start
      System.AggregateException: An error occurred while writing to logger(s). (Cannot open log for source '.NET Runtime'. You may not have write access.)
       ---&gt; System.InvalidOperationException: Cannot open log for source '.NET Runtime'. You may not have write access.
       ---&gt; System.ComponentModel.Win32Exception (5): Access is denied.
         --- End of inner exception stack trace ---
         at System.Diagnostics.EventLogInternal.OpenForWrite(String currentMachineName)
         at System.Diagnostics.EventLogInternal.InternalWriteEvent(UInt32 eventID, UInt16 category, EventLogEntryType type, String[] strings, Byte[] rawData, String currentMachineName)
         at System.Diagnostics.EventLogInternal.WriteEvent(EventInstance instance, Byte[] data, Object[] values)
         at Microsoft.Extensions.Logging.EventLog.WindowsEventLog.WriteEntry(String message, EventLogEntryType type, Int32 eventID, Int16 category)
         at Microsoft.Extensions.Logging.EventLog.EventLogLogger.WriteMessage(String message, EventLogEntryType eventLogEntryType, Int32 eventId)
         at Microsoft.Extensions.Logging.EventLog.EventLogLogger.Log[TState](LogLevel logLevel, EventId eventId, TState state, Exception exception, Func`3 formatter)
         at Microsoft.Extensions.Logging.Logger.&lt;Log&gt;g__LoggerLog|14_0[TState](LogLevel logLevel, EventId eventId, ILogger logger, Exception exception, Func`3 formatter, List`1&amp; exceptions, TState&amp; state)
         --- End of inner exception stack trace ---
         at Microsoft.Extensions.Logging.Logger.ThrowLoggingError(List`1 exceptions)
         at Microsoft.Extensions.Logging.Logger.Log[TState](LogLevel logLevel, EventId eventId, TState state, Exception exception, Func`3 formatter)
         at Microsoft.Extensions.Logging.LoggerExtensions.Log(ILogger logger, LogLevel logLevel, EventId eventId, Exception exception, String message, Object[] args)
         at Microsoft.Extensions.Logging.LoggerExtensions.LogWarning(ILogger logger, String message, Object[] args)
         at Aspire.Hosting.Dcp.DcpDependencyCheck.CheckDcpInfoAndLogErrors(ILogger logger, DcpOptions options, DcpInfo dcpInfo, Boolean throwIfUnhealthy) in /_/src/Aspire.Hosting/Dcp/DcpDependencyCheck.cs:line 267
         at Aspire.Hosting.Dcp.DcpHost.EnsureDcpContainerRuntimeAsync(CancellationToken cancellationToken) in /_/src/Aspire.Hosting/Dcp/DcpHost.cs:line 126
         at Aspire.Hosting.Dcp.DcpHost.StartAsync(CancellationToken cancellationToken) in /_/src/Aspire.Hosting/Dcp/DcpHost.cs:line 76
         at Aspire.Hosting.Orchestrator.OrchestratorHostService.StartAsync(CancellationToken cancellationToken) in /_/src/Aspire.Hosting/Orchestrator/OrchestratorHostService.cs:line 39
         at Microsoft.Extensions.Hosting.Internal.Host.&lt;StartAsync&gt;b__14_1(IHostedService service, CancellationToken token)
         at Microsoft.Extensions.Hosting.Internal.Host.ForeachService[T](IEnumerable`1 services, CancellationToken token, Boolean concurrent, Boolean abortOnFirstException, List`1 exceptions, Func`3 operation)

</StdOut>
        <ErrorInfo>
          <Message>BeforeTestSessionException: BeforeTestSession hook failed: An error occurred while writing to logger(s). (Cannot open log for source '.NET Runtime'. You may not have write access.)</Message>
          <StackTrace>   at TUnit.Engine.Services.HookExecutor.ExecuteBeforeTestSessionHooksAsync(CancellationToken cancellationToken)
   at TUnit.Engine.TestExecutor.ExecuteAsync(AbstractExecutableTest executableTest, TestInitializer testInitializer, CancellationToken cancellationToken, Nullable`1 testTimeout)
   at TUnit.Engine.TestExecutor.ExecuteAsync(AbstractExecutableTest executableTest, TestInitializer testInitializer, CancellationToken cancellationToken, Nullable`1 testTimeout)
   at TUnit.Engine.TestExecutor.EnsureTestSessionHooksExecutedAsync(CancellationToken cancellationToken)
   at TUnit.Engine.TestExecutor.EnsureTestSessionHooksExecutedAsync(CancellationToken cancellationToken)
   at TUnit.Engine.TestExecutor.ExecuteAsync(AbstractExecutableTest executableTest, TestInitializer testInitializer, CancellationToken cancellationToken, Nullable`1 testTimeout)
   at TUnit.Engine.Services.TestExecution.TestCoordinator.ExecuteTestLifecycleAsync(AbstractExecutableTest test, CancellationToken cancellationToken)
   at TUnit.Engine.Services.TestExecution.TestCoordinator.ExecuteTestLifecycleAsync(AbstractExecutableTest test, CancellationToken cancellationToken)
   at TUnit.Engine.TestExecutor.ExecuteAsync(AbstractExecutableTest executableTest, TestInitializer testInitializer, CancellationToken cancellationToken, Nullable`1 testTimeout)
   at TUnit.Engine.TestExecutor.ExecuteAsync(AbstractExecutableTest executableTest, TestInitializer testInitializer, CancellationToken cancellationToken, Nullable`1 testTimeout)
   at TUnit.Engine.Services.TestExecution.TestCoordinator.ExecuteTestLifecycleAsync(AbstractExecutableTest test, CancellationToken cancellationToken)
   at TUnit.Engine.Services.TestExecution.TestCoordinator.ExecuteTestLifecycleAsync(AbstractExecutableTest test, CancellationToken cancellationToken)
   at TUnit.Engine.Services.TestExecution.TestCoordinator.ExecuteTestLifecycleAsync(AbstractExecutableTest test, CancellationToken cancellationToken)
   at TUnit.Engine.Services.TestExecution.RetryHelper.ExecuteWithRetry(TestContext testContext, Func`1 action)
   at TUnit.Engine.Services.TestExecution.RetryHelper.ExecuteWithRetry(TestContext testContext, Func`1 action)
   at TUnit.Engine.Services.TestExecution.TestCoordinator.ExecuteTestInternalAsync(AbstractExecutableTest test, CancellationToken cancellationToken)</StackTrace>
        </ErrorInfo>
      </Output>
    </UnitTestResult>
    <UnitTestResult executionId="9405abd8-1cf1-4297-9dd6-2a1425a65427" testId="8eec4d29-449a-4538-e39a-634bc4566d69" testName="GetChallenge_WithInvalidId_ReturnsNotFound" computerName="QINS-WINDOWS" duration="00:00:00.0000006" startTime="2026-04-18T15:15:48.9761954+00:00" endTime="2026-04-18T15:15:48.9761948+00:00" testType="13CDC9D9-DDB5-4fa4-A97D-D965CCFC6D4B" outcome="Failed" testListId="8C84FA94-04C1-424b-9868-57A2D4851A1D" relativeResultsDirectory="9405abd8-1cf1-4297-9dd6-2a1425a65427">
      <Output>
        <ErrorInfo>
          <Message>BeforeTestSessionException: BeforeTestSession hook failed: An error occurred while writing to logger(s). (Cannot open log for source '.NET Runtime'. You may not have write access.)</Message>
          <StackTrace>   at TUnit.Engine.Services.HookExecutor.ExecuteBeforeTestSessionHooksAsync(CancellationToken cancellationToken)
   at TUnit.Engine.TestExecutor.ExecuteAsync(AbstractExecutableTest executableTest, TestInitializer testInitializer, CancellationToken cancellationToken, Nullable`1 testTimeout)
   at TUnit.Engine.TestExecutor.ExecuteAsync(AbstractExecutableTest executableTest, TestInitializer testInitializer, CancellationToken cancellationToken, Nullable`1 testTimeout)
   at TUnit.Engine.TestExecutor.EnsureTestSessionHooksExecutedAsync(CancellationToken cancellationToken)
   at TUnit.Engine.TestExecutor.EnsureTestSessionHooksExecutedAsync(CancellationToken cancellationToken)
   at TUnit.Engine.TestExecutor.ExecuteAsync(AbstractExecutableTest executableTest, TestInitializer testInitializer, CancellationToken cancellationToken, Nullable`1 testTimeout)
   at TUnit.Engine.Services.TestExecution.TestCoordinator.ExecuteTestLifecycleAsync(AbstractExecutableTest test, CancellationToken cancellationToken)
   at TUnit.Engine.Services.TestExecution.TestCoordinator.ExecuteTestLifecycleAsync(AbstractExecutableTest test, CancellationToken cancellationToken)
   at TUnit.Engine.TestExecutor.ExecuteAsync(AbstractExecutableTest executableTest, TestInitializer testInitializer, CancellationToken cancellationToken, Nullable`1 testTimeout)
   at TUnit.Engine.TestExecutor.ExecuteAsync(AbstractExecutableTest executableTest, TestInitializer testInitializer, CancellationToken cancellationToken, Nullable`1 testTimeout)
   at TUnit.Engine.Services.TestExecution.TestCoordinator.ExecuteTestLifecycleAsync(AbstractExecutableTest test, CancellationToken cancellationToken)
   at TUnit.Engine.Services.TestExecution.TestCoordinator.ExecuteTestLifecycleAsync(AbstractExecutableTest test, CancellationToken cancellationToken)
   at TUnit.Engine.Services.TestExecution.TestCoordinator.ExecuteTestLifecycleAsync(AbstractExecutableTest test, CancellationToken cancellationToken)
   at TUnit.Engine.Services.TestExecution.RetryHelper.ExecuteWithRetry(TestContext testContext, Func`1 action)
   at TUnit.Engine.Services.TestExecution.RetryHelper.ExecuteWithRetry(TestContext testContext, Func`1 action)
   at TUnit.Engine.Services.TestExecution.TestCoordinator.ExecuteTestInternalAsync(AbstractExecutableTest test, CancellationToken cancellationToken)</StackTrace>
        </ErrorInfo>
      </Output>
    </UnitTestResult>
    <UnitTestResult executionId="e42669ac-5cd2-4efb-8b7c-e33e79176708" testId="77f40c7a-43ea-3baf-c718-cbc0d0cce2db" testName="WhoAmI_WithAuthentication_ReturnsCurrentUser" computerName="QINS-WINDOWS" duration="00:00:00.0000006" startTime="2026-04-18T15:15:48.9755439+00:00" endTime="2026-04-18T15:15:48.9755433+00:00" testType="13CDC9D9-DDB5-4fa4-A97D-D965CCFC6D4B" outcome="Failed" testListId="8C84FA94-04C1-424b-9868-57A2D4851A1D" relativeResultsDirectory="e42669ac-5cd2-4efb-8b7c-e33e79176708">
      <Output>
        <ErrorInfo>
          <Message>BeforeTestSessionException: BeforeTestSession hook failed: An error occurred while writing to logger(s). (Cannot open log for source '.NET Runtime'. You may not have write access.)</Message>
          <StackTrace>   at TUnit.Engine.Services.HookExecutor.ExecuteBeforeTestSessionHooksAsync(CancellationToken cancellationToken)
   at TUnit.Engine.TestExecutor.ExecuteAsync(AbstractExecutableTest executableTest, TestInitializer testInitializer, CancellationToken cancellationToken, Nullable`1 testTimeout)
   at TUnit.Engine.TestExecutor.ExecuteAsync(AbstractExecutableTest executableTest, TestInitializer testInitializer, CancellationToken cancellationToken, Nullable`1 testTimeout)
   at TUnit.Engine.TestExecutor.EnsureTestSessionHooksExecutedAsync(CancellationToken cancellationToken)
   at TUnit.Engine.TestExecutor.EnsureTestSessionHooksExecutedAsync(CancellationToken cancellationToken)
   at TUnit.Engine.TestExecutor.ExecuteAsync(AbstractExecutableTest executableTest, TestInitializer testInitializer, CancellationToken cancellationToken, Nullable`1 testTimeout)
   at TUnit.Engine.Services.TestExecution.TestCoordinator.ExecuteTestLifecycleAsync(AbstractExecutableTest test, CancellationToken cancellationToken)
   at TUnit.Engine.Services.TestExecution.TestCoordinator.ExecuteTestLifecycleAsync(AbstractExecutableTest test, CancellationToken cancellationToken)
   at TUnit.Engine.TestExecutor.ExecuteAsync(AbstractExecutableTest executableTest, TestInitializer testInitializer, CancellationToken cancellationToken, Nullable`1 testTimeout)
   at TUnit.Engine.TestExecutor.ExecuteAsync(AbstractExecutableTest executableTest, TestInitializer testInitializer, CancellationToken cancellationToken, Nullable`1 testTimeout)
   at TUnit.Engine.Services.TestExecution.TestCoordinator.ExecuteTestLifecycleAsync(AbstractExecutableTest test, CancellationToken cancellationToken)
   at TUnit.Engine.Services.TestExecution.TestCoordinator.ExecuteTestLifecycleAsync(AbstractExecutableTest test, CancellationToken cancellationToken)
   at TUnit.Engine.Services.TestExecution.TestCoordinator.ExecuteTestLifecycleAsync(AbstractExecutableTest test, CancellationToken cancellationToken)
   at TUnit.Engine.Services.TestExecution.RetryHelper.ExecuteWithRetry(TestContext testContext, Func`1 action)
   at TUnit.Engine.Services.TestExecution.RetryHelper.ExecuteWithRetry(TestContext testContext, Func`1 action)
   at TUnit.Engine.Services.TestExecution.TestCoordinator.ExecuteTestInternalAsync(AbstractExecutableTest test, CancellationToken cancellationToken)</StackTrace>
        </ErrorInfo>
      </Output>
    </UnitTestResult>
    <UnitTestResult executionId="fd06c71b-e8f8-4ff7-9b94-c1e26aa2fd5f" testId="bc0d4949-4c12-41f3-8803-e5da7ebd79ec" testName="GetHackathon_AsOrganizer_ReturnsHackathon" computerName="QINS-WINDOWS" duration="00:00:00.0000004" startTime="2026-04-18T15:15:48.9756053+00:00" endTime="2026-04-18T15:15:48.9756049+00:00" testType="13CDC9D9-DDB5-4fa4-A97D-D965CCFC6D4B" outcome="Failed" testListId="8C84FA94-04C1-424b-9868-57A2D4851A1D" relativeResultsDirectory="fd06c71b-e8f8-4ff7-9b94-c1e26aa2fd5f">
      <Output>
        <ErrorInfo>
          <Message>BeforeTestSessionException: BeforeTestSession hook failed: An error occurred while writing to logger(s). (Cannot open log for source '.NET Runtime'. You may not have write access.)</Message>
          <StackTrace>   at TUnit.Engine.Services.HookExecutor.ExecuteBeforeTestSessionHooksAsync(CancellationToken cancellationToken)
   at TUnit.Engine.TestExecutor.ExecuteAsync(AbstractExecutableTest executableTest, TestInitializer testInitializer, CancellationToken cancellationToken, Nullable`1 testTimeout)
   at TUnit.Engine.TestExecutor.ExecuteAsync(AbstractExecutableTest executableTest, TestInitializer testInitializer, CancellationToken cancellationToken, Nullable`1 testTimeout)
   at TUnit.Engine.TestExecutor.EnsureTestSessionHooksExecutedAsync(CancellationToken cancellationToken)
   at TUnit.Engine.TestExecutor.EnsureTestSessionHooksExecutedAsync(CancellationToken cancellationToken)
   at TUnit.Engine.TestExecutor.ExecuteAsync(AbstractExecutableTest executableTest, TestInitializer testInitializer, CancellationToken cancellationToken, Nullable`1 testTimeout)
   at TUnit.Engine.Services.TestExecution.TestCoordinator.ExecuteTestLifecycleAsync(AbstractExecutableTest test, CancellationToken cancellationToken)
   at TUnit.Engine.Services.TestExecution.TestCoordinator.ExecuteTestLifecycleAsync(AbstractExecutableTest test, CancellationToken cancellationToken)
   at TUnit.Engine.TestExecutor.ExecuteAsync(AbstractExecutableTest executableTest, TestInitializer testInitializer, CancellationToken cancellationToken, Nullable`1 testTimeout)
   at TUnit.Engine.TestExecutor.ExecuteAsync(AbstractExecutableTest executableTest, TestInitializer testInitializer, CancellationToken cancellationToken, Nullable`1 testTimeout)
   at TUnit.Engine.Services.TestExecution.TestCoordinator.ExecuteTestLifecycleAsync(AbstractExecutableTest test, CancellationToken cancellationToken)
   at TUnit.Engine.Services.TestExecution.TestCoordinator.ExecuteTestLifecycleAsync(AbstractExecutableTest test, CancellationToken cancellationToken)
   at TUnit.Engine.Services.TestExecution.TestCoordinator.ExecuteTestLifecycleAsync(AbstractExecutableTest test, CancellationToken cancellationToken)
   at TUnit.Engine.Services.TestExecution.RetryHelper.ExecuteWithRetry(TestContext testContext, Func`1 action)
   at TUnit.Engine.Services.TestExecution.RetryHelper.ExecuteWithRetry(TestContext testContext, Func`1 action)
   at TUnit.Engine.Services.TestExecution.TestCoordinator.ExecuteTestInternalAsync(AbstractExecutableTest test, CancellationToken cancellationToken)</StackTrace>
        </ErrorInfo>
      </Output>
    </UnitTestResult>
    <UnitTestResult executionId="00c970c7-a81a-43b8-80ee-87e6fb2e074f" testId="75e1bf58-50a8-a4e4-afa9-81e63cf54ca2" testName="UpdateChallenge_WithValidRequest_ReturnsUpdatedChallenge" computerName="QINS-WINDOWS" duration="00:00:00.0000005" startTime="2026-04-18T15:15:48.9755841+00:00" endTime="2026-04-18T15:15:48.9755836+00:00" testType="13CDC9D9-DDB5-4fa4-A97D-D965CCFC6D4B" outcome="Failed" testListId="8C84FA94-04C1-424b-9868-57A2D4851A1D" relativeResultsDirectory="00c970c7-a81a-43b8-80ee-87e6fb2e074f">
      <Output>
        <ErrorInfo>
          <Message>BeforeTestSessionException: BeforeTestSession hook failed: An error occurred while writing to logger(s). (Cannot open log for source '.NET Runtime'. You may not have write access.)</Message>
          <StackTrace>   at TUnit.Engine.Services.HookExecutor.ExecuteBeforeTestSessionHooksAsync(CancellationToken cancellationToken)
   at TUnit.Engine.TestExecutor.ExecuteAsync(AbstractExecutableTest executableTest, TestInitializer testInitializer, CancellationToken cancellationToken, Nullable`1 testTimeout)
   at TUnit.Engine.TestExecutor.ExecuteAsync(AbstractExecutableTest executableTest, TestInitializer testInitializer, CancellationToken cancellationToken, Nullable`1 testTimeout)
   at TUnit.Engine.TestExecutor.EnsureTestSessionHooksExecutedAsync(CancellationToken cancellationToken)
   at TUnit.Engine.TestExecutor.EnsureTestSessionHooksExecutedAsync(CancellationToken cancellationToken)
   at TUnit.Engine.TestExecutor.ExecuteAsync(AbstractExecutableTest executableTest, TestInitializer testInitializer, CancellationToken cancellationToken, Nullable`1 testTimeout)
   at TUnit.Engine.Services.TestExecution.TestCoordinator.ExecuteTestLifecycleAsync(AbstractExecutableTest test, CancellationToken cancellationToken)
   at TUnit.Engine.Services.TestExecution.TestCoordinator.ExecuteTestLifecycleAsync(AbstractExecutableTest test, CancellationToken cancellationToken)
   at TUnit.Engine.TestExecutor.ExecuteAsync(AbstractExecutableTest executableTest, TestInitializer testInitializer, CancellationToken cancellationToken, Nullable`1 testTimeout)
   at TUnit.Engine.TestExecutor.ExecuteAsync(AbstractExecutableTest executableTest, TestInitializer testInitializer, CancellationToken cancellationToken, Nullable`1 testTimeout)
   at TUnit.Engine.Services.TestExecution.TestCoordinator.ExecuteTestLifecycleAsync(AbstractExecutableTest test, CancellationToken cancellationToken)
   at TUnit.Engine.Services.TestExecution.TestCoordinator.ExecuteTestLifecycleAsync(AbstractExecutableTest test, CancellationToken cancellationToken)
   at TUnit.Engine.Services.TestExecution.TestCoordinator.ExecuteTestLifecycleAsync(AbstractExecutableTest test, CancellationToken cancellationToken)
   at TUnit.Engine.Services.TestExecution.RetryHelper.ExecuteWithRetry(TestContext testContext, Func`1 action)
   at TUnit.Engine.Services.TestExecution.RetryHelper.ExecuteWithRetry(TestContext testContext, Func`1 action)
   at TUnit.Engine.Services.TestExecution.TestCoordinator.ExecuteTestInternalAsync(AbstractExecutableTest test, CancellationToken cancellationToken)</StackTrace>
        </ErrorInfo>
      </Output>
    </UnitTestResult>
    <UnitTestResult executionId="6247a29e-318f-41a5-bc8a-76aa9db45b7c" testId="ca32e913-506a-d188-73d1-72550868f2bf" testName="DeleteChallenge_WithInvalidId_ReturnsNotFound" computerName="QINS-WINDOWS" duration="00:00:00.0000005" startTime="2026-04-18T15:15:48.9761686+00:00" endTime="2026-04-18T15:15:48.9761681+00:00" testType="13CDC9D9-DDB5-4fa4-A97D-D965CCFC6D4B" outcome="Failed" testListId="8C84FA94-04C1-424b-9868-57A2D4851A1D" relativeResultsDirectory="6247a29e-318f-41a5-bc8a-76aa9db45b7c">
      <Output>
        <ErrorInfo>
          <Message>BeforeTestSessionException: BeforeTestSession hook failed: An error occurred while writing to logger(s). (Cannot open log for source '.NET Runtime'. You may not have write access.)</Message>
          <StackTrace>   at TUnit.Engine.Services.HookExecutor.ExecuteBeforeTestSessionHooksAsync(CancellationToken cancellationToken)
   at TUnit.Engine.TestExecutor.ExecuteAsync(AbstractExecutableTest executableTest, TestInitializer testInitializer, CancellationToken cancellationToken, Nullable`1 testTimeout)
   at TUnit.Engine.TestExecutor.ExecuteAsync(AbstractExecutableTest executableTest, TestInitializer testInitializer, CancellationToken cancellationToken, Nullable`1 testTimeout)
   at TUnit.Engine.TestExecutor.EnsureTestSessionHooksExecutedAsync(CancellationToken cancellationToken)
   at TUnit.Engine.TestExecutor.EnsureTestSessionHooksExecutedAsync(CancellationToken cancellationToken)
   at TUnit.Engine.TestExecutor.ExecuteAsync(AbstractExecutableTest executableTest, TestInitializer testInitializer, CancellationToken cancellationToken, Nullable`1 testTimeout)
   at TUnit.Engine.Services.TestExecution.TestCoordinator.ExecuteTestLifecycleAsync(AbstractExecutableTest test, CancellationToken cancellationToken)
   at TUnit.Engine.Services.TestExecution.TestCoordinator.ExecuteTestLifecycleAsync(AbstractExecutableTest test, CancellationToken cancellationToken)
   at TUnit.Engine.TestExecutor.ExecuteAsync(AbstractExecutableTest executableTest, TestInitializer testInitializer, CancellationToken cancellationToken, Nullable`1 testTimeout)
   at TUnit.Engine.TestExecutor.ExecuteAsync(AbstractExecutableTest executableTest, TestInitializer testInitializer, CancellationToken cancellationToken, Nullable`1 testTimeout)
   at TUnit.Engine.Services.TestExecution.TestCoordinator.ExecuteTestLifecycleAsync(AbstractExecutableTest test, CancellationToken cancellationToken)
   at TUnit.Engine.Services.TestExecution.TestCoordinator.ExecuteTestLifecycleAsync(AbstractExecutableTest test, CancellationToken cancellationToken)
   at TUnit.Engine.Services.TestExecution.TestCoordinator.ExecuteTestLifecycleAsync(AbstractExecutableTest test, CancellationToken cancellationToken)
   at TUnit.Engine.Services.TestExecution.RetryHelper.ExecuteWithRetry(TestContext testContext, Func`1 action)
   at TUnit.Engine.Services.TestExecution.RetryHelper.ExecuteWithRetry(TestContext testContext, Func`1 action)
   at TUnit.Engine.Services.TestExecution.TestCoordinator.ExecuteTestInternalAsync(AbstractExecutableTest test, CancellationToken cancellationToken)</StackTrace>
        </ErrorInfo>
      </Output>
    </UnitTestResult>
    <UnitTestResult executionId="c841e20b-1791-49e5-b69c-ebe54c12e247" testId="0f837f3e-8930-596c-3c0e-a3a2dc9e6a3b" testName="CreateHackathon_WithValidRequest_ReturnsCreated" computerName="QINS-WINDOWS" duration="00:00:00.0000004" startTime="2026-04-18T15:15:48.9755841+00:00" endTime="2026-04-18T15:15:48.9755837+00:00" testType="13CDC9D9-DDB5-4fa4-A97D-D965CCFC6D4B" outcome="Failed" testListId="8C84FA94-04C1-424b-9868-57A2D4851A1D" relativeResultsDirectory="c841e20b-1791-49e5-b69c-ebe54c12e247">
      <Output>
        <ErrorInfo>
          <Message>BeforeTestSessionException: BeforeTestSession hook failed: An error occurred while writing to logger(s). (Cannot open log for source '.NET Runtime'. You may not have write access.)</Message>
          <StackTrace>   at TUnit.Engine.Services.HookExecutor.ExecuteBeforeTestSessionHooksAsync(CancellationToken cancellationToken)
   at TUnit.Engine.TestExecutor.ExecuteAsync(AbstractExecutableTest executableTest, TestInitializer testInitializer, CancellationToken cancellationToken, Nullable`1 testTimeout)
   at TUnit.Engine.TestExecutor.ExecuteAsync(AbstractExecutableTest executableTest, TestInitializer testInitializer, CancellationToken cancellationToken, Nullable`1 testTimeout)
   at TUnit.Engine.TestExecutor.EnsureTestSessionHooksExecutedAsync(CancellationToken cancellationToken)
   at TUnit.Engine.TestExecutor.EnsureTestSessionHooksExecutedAsync(CancellationToken cancellationToken)
   at TUnit.Engine.TestExecutor.ExecuteAsync(AbstractExecutableTest executableTest, TestInitializer testInitializer, CancellationToken cancellationToken, Nullable`1 testTimeout)
   at TUnit.Engine.Services.TestExecution.TestCoordinator.ExecuteTestLifecycleAsync(AbstractExecutableTest test, CancellationToken cancellationToken)
   at TUnit.Engine.Services.TestExecution.TestCoordinator.ExecuteTestLifecycleAsync(AbstractExecutableTest test, CancellationToken cancellationToken)
   at TUnit.Engine.TestExecutor.ExecuteAsync(AbstractExecutableTest executableTest, TestInitializer testInitializer, CancellationToken cancellationToken, Nullable`1 testTimeout)
   at TUnit.Engine.TestExecutor.ExecuteAsync(AbstractExecutableTest executableTest, TestInitializer testInitializer, CancellationToken cancellationToken, Nullable`1 testTimeout)
   at TUnit.Engine.Services.TestExecution.TestCoordinator.ExecuteTestLifecycleAsync(AbstractExecutableTest test, CancellationToken cancellationToken)
   at TUnit.Engine.Services.TestExecution.TestCoordinator.ExecuteTestLifecycleAsync(AbstractExecutableTest test, CancellationToken cancellationToken)
   at TUnit.Engine.Services.TestExecution.TestCoordinator.ExecuteTestLifecycleAsync(AbstractExecutableTest test, CancellationToken cancellationToken)
   at TUnit.Engine.Services.TestExecution.RetryHelper.ExecuteWithRetry(TestContext testContext, Func`1 action)
   at TUnit.Engine.Services.TestExecution.RetryHelper.ExecuteWithRetry(TestContext testContext, Func`1 action)
   at TUnit.Engine.Services.TestExecution.TestCoordinator.ExecuteTestInternalAsync(AbstractExecutableTest test, CancellationToken cancellationToken)</StackTrace>
        </ErrorInfo>
      </Output>
    </UnitTestResult>
    <UnitTestResult executionId="c2b392ef-e3da-40a7-b3be-0f047b1e06cd" testId="fe83265a-3dc6-5c93-c8f1-0360fb9b8288" testName="ListHackathons_WithAuthentication_ReturnsOk" computerName="QINS-WINDOWS" duration="00:00:00.0000005" startTime="2026-04-18T15:15:48.9761720+00:00" endTime="2026-04-18T15:15:48.9761715+00:00" testType="13CDC9D9-DDB5-4fa4-A97D-D965CCFC6D4B" outcome="Failed" testListId="8C84FA94-04C1-424b-9868-57A2D4851A1D" relativeResultsDirectory="c2b392ef-e3da-40a7-b3be-0f047b1e06cd">
      <Output>
        <ErrorInfo>
          <Message>BeforeTestSessionException: BeforeTestSession hook failed: An error occurred while writing to logger(s). (Cannot open log for source '.NET Runtime'. You may not have write access.)</Message>
          <StackTrace>   at TUnit.Engine.Services.HookExecutor.ExecuteBeforeTestSessionHooksAsync(CancellationToken cancellationToken)
   at TUnit.Engine.TestExecutor.ExecuteAsync(AbstractExecutableTest executableTest, TestInitializer testInitializer, CancellationToken cancellationToken, Nullable`1 testTimeout)
   at TUnit.Engine.TestExecutor.ExecuteAsync(AbstractExecutableTest executableTest, TestInitializer testInitializer, CancellationToken cancellationToken, Nullable`1 testTimeout)
   at TUnit.Engine.TestExecutor.EnsureTestSessionHooksExecutedAsync(CancellationToken cancellationToken)
   at TUnit.Engine.TestExecutor.EnsureTestSessionHooksExecutedAsync(CancellationToken cancellationToken)
   at TUnit.Engine.TestExecutor.ExecuteAsync(AbstractExecutableTest executableTest, TestInitializer testInitializer, CancellationToken cancellationToken, Nullable`1 testTimeout)
   at TUnit.Engine.Services.TestExecution.TestCoordinator.ExecuteTestLifecycleAsync(AbstractExecutableTest test, CancellationToken cancellationToken)
   at TUnit.Engine.Services.TestExecution.TestCoordinator.ExecuteTestLifecycleAsync(AbstractExecutableTest test, CancellationToken cancellationToken)
   at TUnit.Engine.TestExecutor.ExecuteAsync(AbstractExecutableTest executableTest, TestInitializer testInitializer, CancellationToken cancellationToken, Nullable`1 testTimeout)
   at TUnit.Engine.TestExecutor.ExecuteAsync(AbstractExecutableTest executableTest, TestInitializer testInitializer, CancellationToken cancellationToken, Nullable`1 testTimeout)
   at TUnit.Engine.Services.TestExecution.TestCoordinator.ExecuteTestLifecycleAsync(AbstractExecutableTest test, CancellationToken cancellationToken)
   at TUnit.Engine.Services.TestExecution.TestCoordinator.ExecuteTestLifecycleAsync(AbstractExecutableTest test, CancellationToken cancellationToken)
   at TUnit.Engine.Services.TestExecution.TestCoordinator.ExecuteTestLifecycleAsync(AbstractExecutableTest test, CancellationToken cancellationToken)
   at TUnit.Engine.Services.TestExecution.RetryHelper.ExecuteWithRetry(TestContext testContext, Func`1 action)
   at TUnit.Engine.Services.TestExecution.RetryHelper.ExecuteWithRetry(TestContext testContext, Func`1 action)
   at TUnit.Engine.Services.TestExecution.TestCoordinator.ExecuteTestInternalAsync(AbstractExecutableTest test, CancellationToken cancellationToken)</StackTrace>
        </ErrorInfo>
      </Output>
    </UnitTestResult>
    <UnitTestResult executionId="9b3faf4b-f54f-4ebc-8714-475a5e7fe26c" testId="5cc24c4c-38f9-7f4e-b97a-8e9676d9d012" testName="CreateChallenge_WithValidRequest_ReturnsOk" computerName="QINS-WINDOWS" duration="00:00:00.0000006" startTime="2026-04-18T15:15:48.9761954+00:00" endTime="2026-04-18T15:15:48.9761948+00:00" testType="13CDC9D9-DDB5-4fa4-A97D-D965CCFC6D4B" outcome="Failed" testListId="8C84FA94-04C1-424b-9868-57A2D4851A1D" relativeResultsDirectory="9b3faf4b-f54f-4ebc-8714-475a5e7fe26c">
      <Output>
        <ErrorInfo>
          <Message>BeforeTestSessionException: BeforeTestSession hook failed: An error occurred while writing to logger(s). (Cannot open log for source '.NET Runtime'. You may not have write access.)</Message>
          <StackTrace>   at TUnit.Engine.Services.HookExecutor.ExecuteBeforeTestSessionHooksAsync(CancellationToken cancellationToken)
   at TUnit.Engine.TestExecutor.ExecuteAsync(AbstractExecutableTest executableTest, TestInitializer testInitializer, CancellationToken cancellationToken, Nullable`1 testTimeout)
   at TUnit.Engine.TestExecutor.ExecuteAsync(AbstractExecutableTest executableTest, TestInitializer testInitializer, CancellationToken cancellationToken, Nullable`1 testTimeout)
   at TUnit.Engine.TestExecutor.EnsureTestSessionHooksExecutedAsync(CancellationToken cancellationToken)
   at TUnit.Engine.TestExecutor.EnsureTestSessionHooksExecutedAsync(CancellationToken cancellationToken)
   at TUnit.Engine.TestExecutor.ExecuteAsync(AbstractExecutableTest executableTest, TestInitializer testInitializer, CancellationToken cancellationToken, Nullable`1 testTimeout)
   at TUnit.Engine.Services.TestExecution.TestCoordinator.ExecuteTestLifecycleAsync(AbstractExecutableTest test, CancellationToken cancellationToken)
   at TUnit.Engine.Services.TestExecution.TestCoordinator.ExecuteTestLifecycleAsync(AbstractExecutableTest test, CancellationToken cancellationToken)
   at TUnit.Engine.TestExecutor.ExecuteAsync(AbstractExecutableTest executableTest, TestInitializer testInitializer, CancellationToken cancellationToken, Nullable`1 testTimeout)
   at TUnit.Engine.TestExecutor.ExecuteAsync(AbstractExecutableTest executableTest, TestInitializer testInitializer, CancellationToken cancellationToken, Nullable`1 testTimeout)
   at TUnit.Engine.Services.TestExecution.TestCoordinator.ExecuteTestLifecycleAsync(AbstractExecutableTest test, CancellationToken cancellationToken)
   at TUnit.Engine.Services.TestExecution.TestCoordinator.ExecuteTestLifecycleAsync(AbstractExecutableTest test, CancellationToken cancellationToken)
   at TUnit.Engine.Services.TestExecution.TestCoordinator.ExecuteTestLifecycleAsync(AbstractExecutableTest test, CancellationToken cancellationToken)
   at TUnit.Engine.Services.TestExecution.RetryHelper.ExecuteWithRetry(TestContext testContext, Func`1 action)
   at TUnit.Engine.Services.TestExecution.RetryHelper.ExecuteWithRetry(TestContext testContext, Func`1 action)
   at TUnit.Engine.Services.TestExecution.TestCoordinator.ExecuteTestInternalAsync(AbstractExecutableTest test, CancellationToken cancellationToken)</StackTrace>
        </ErrorInfo>
      </Output>
    </UnitTestResult>
    <UnitTestResult executionId="9870ae51-6676-4e6a-87bd-448323c0fef6" testId="836830cd-0c61-cf1d-f849-474a5ea5ee6c" testName="CreateHackathon_WithoutAuthentication_ReturnsUnauthorized" computerName="QINS-WINDOWS" duration="00:00:00.0000005" startTime="2026-04-18T15:15:48.9755682+00:00" endTime="2026-04-18T15:15:48.9755677+00:00" testType="13CDC9D9-DDB5-4fa4-A97D-D965CCFC6D4B" outcome="Failed" testListId="8C84FA94-04C1-424b-9868-57A2D4851A1D" relativeResultsDirectory="9870ae51-6676-4e6a-87bd-448323c0fef6">
      <Output>
        <ErrorInfo>
          <Message>BeforeTestSessionException: BeforeTestSession hook failed: An error occurred while writing to logger(s). (Cannot open log for source '.NET Runtime'. You may not have write access.)</Message>
          <StackTrace>   at TUnit.Engine.Services.HookExecutor.ExecuteBeforeTestSessionHooksAsync(CancellationToken cancellationToken)
   at TUnit.Engine.TestExecutor.ExecuteAsync(AbstractExecutableTest executableTest, TestInitializer testInitializer, CancellationToken cancellationToken, Nullable`1 testTimeout)
   at TUnit.Engine.TestExecutor.ExecuteAsync(AbstractExecutableTest executableTest, TestInitializer testInitializer, CancellationToken cancellationToken, Nullable`1 testTimeout)
   at TUnit.Engine.TestExecutor.EnsureTestSessionHooksExecutedAsync(CancellationToken cancellationToken)
   at TUnit.Engine.TestExecutor.EnsureTestSessionHooksExecutedAsync(CancellationToken cancellationToken)
   at TUnit.Engine.TestExecutor.ExecuteAsync(AbstractExecutableTest executableTest, TestInitializer testInitializer, CancellationToken cancellationToken, Nullable`1 testTimeout)
   at TUnit.Engine.Services.TestExecution.TestCoordinator.ExecuteTestLifecycleAsync(AbstractExecutableTest test, CancellationToken cancellationToken)
   at TUnit.Engine.Services.TestExecution.TestCoordinator.ExecuteTestLifecycleAsync(AbstractExecutableTest test, CancellationToken cancellationToken)
   at TUnit.Engine.TestExecutor.ExecuteAsync(AbstractExecutableTest executableTest, TestInitializer testInitializer, CancellationToken cancellationToken, Nullable`1 testTimeout)
   at TUnit.Engine.TestExecutor.ExecuteAsync(AbstractExecutableTest executableTest, TestInitializer testInitializer, CancellationToken cancellationToken, Nullable`1 testTimeout)
   at TUnit.Engine.Services.TestExecution.TestCoordinator.ExecuteTestLifecycleAsync(AbstractExecutableTest test, CancellationToken cancellationToken)
   at TUnit.Engine.Services.TestExecution.TestCoordinator.ExecuteTestLifecycleAsync(AbstractExecutableTest test, CancellationToken cancellationToken)
   at TUnit.Engine.Services.TestExecution.TestCoordinator.ExecuteTestLifecycleAsync(AbstractExecutableTest test, CancellationToken cancellationToken)
   at TUnit.Engine.Services.TestExecution.RetryHelper.ExecuteWithRetry(TestContext testContext, Func`1 action)
   at TUnit.Engine.Services.TestExecution.RetryHelper.ExecuteWithRetry(TestContext testContext, Func`1 action)
   at TUnit.Engine.Services.TestExecution.TestCoordinator.ExecuteTestInternalAsync(AbstractExecutableTest test, CancellationToken cancellationToken)</StackTrace>
        </ErrorInfo>
      </Output>
    </UnitTestResult>
    <UnitTestResult executionId="c3ba991a-83af-4d6f-9276-37434cdfd227" testId="bfd6b3f3-9eca-8a27-83a7-1cfdf6a4a830" testName="CreateChallenge_WithoutAuthentication_ReturnsUnauthorized" computerName="QINS-WINDOWS" duration="00:00:00.0000005" startTime="2026-04-18T15:15:49.0456826+00:00" endTime="2026-04-18T15:15:49.0456821+00:00" testType="13CDC9D9-DDB5-4fa4-A97D-D965CCFC6D4B" outcome="Failed" testListId="8C84FA94-04C1-424b-9868-57A2D4851A1D" relativeResultsDirectory="c3ba991a-83af-4d6f-9276-37434cdfd227">
      <Output>
        <ErrorInfo>
          <Message>BeforeTestSessionException: BeforeTestSession hook failed: An error occurred while writing to logger(s). (Cannot open log for source '.NET Runtime'. You may not have write access.)</Message>
          <StackTrace>   at TUnit.Engine.Services.HookExecutor.ExecuteBeforeTestSessionHooksAsync(CancellationToken cancellationToken)</StackTrace>
        </ErrorInfo>
      </Output>
    </UnitTestResult>
    <UnitTestResult executionId="6af8b97a-ead0-4e6c-978b-b92d2c253af8" testId="591257f1-ae59-7b09-755a-365369310dfc" testName="Impersonate_WithConcurrentRequests_ReturnsOk" computerName="QINS-WINDOWS" duration="00:00:00.0000005" startTime="2026-04-18T15:15:49.0479005+00:00" endTime="2026-04-18T15:15:49.0479000+00:00" testType="13CDC9D9-DDB5-4fa4-A97D-D965CCFC6D4B" outcome="Failed" testListId="8C84FA94-04C1-424b-9868-57A2D4851A1D" relativeResultsDirectory="6af8b97a-ead0-4e6c-978b-b92d2c253af8">
      <Output>
        <ErrorInfo>
          <Message>BeforeTestSessionException: BeforeTestSession hook failed: An error occurred while writing to logger(s). (Cannot open log for source '.NET Runtime'. You may not have write access.)</Message>
          <StackTrace>   at TUnit.Engine.Services.HookExecutor.ExecuteBeforeTestSessionHooksAsync(CancellationToken cancellationToken)
   at TUnit.Engine.TestExecutor.EnsureTestSessionHooksExecutedAsync(CancellationToken cancellationToken)
   at TUnit.Engine.Services.TestExecution.RetryHelper.ExecuteWithRetry(TestContext testContext, Func`1 action)
   at TUnit.Engine.Services.TestExecution.TestCoordinator.ExecuteTestLifecycleAsync(AbstractExecutableTest test, CancellationToken cancellationToken)
   at TUnit.Engine.TestExecutor.ExecuteAsync(AbstractExecutableTest executableTest, TestInitializer testInitializer, CancellationToken cancellationToken, Nullable`1 testTimeout)
   at TUnit.Engine.Services.TestExecution.RetryHelper.ExecuteWithRetry(TestContext testContext, Func`1 action)
   at TUnit.Engine.Services.TestExecution.TestCoordinator.ExecuteTestInternalAsync(AbstractExecutableTest test, CancellationToken cancellationToken)
   at TUnit.Engine.Services.TestExecution.TestCoordinator.ExecuteTestLifecycleAsync(AbstractExecutableTest test, CancellationToken cancellationToken)
   at TUnit.Engine.Services.TestExecution.RetryHelper.ExecuteWithRetry(TestContext testContext, Func`1 action)
   at TUnit.Engine.Services.TestExecution.TestCoordinator.ExecuteTestInternalAsync(AbstractExecutableTest test, CancellationToken cancellationToken)
   at TUnit.Engine.Services.TestExecution.TestCoordinator.ExecuteTestLifecycleAsync(AbstractExecutableTest test, CancellationToken cancellationToken)
   at TUnit.Engine.Services.TestExecution.RetryHelper.ExecuteWithRetry(TestContext testContext, Func`1 action)
   at TUnit.Engine.Services.TestExecution.RetryHelper.ExecuteWithRetry(TestContext testContext, Func`1 action)</StackTrace>
        </ErrorInfo>
      </Output>
    </UnitTestResult>
    <UnitTestResult executionId="13fe3eaf-29b5-4c8f-933e-749a9ca6d0bb" testId="24fe4115-b38f-0f8c-f62c-40f4a09100a0" testName="GetResourceOverview_WithRedemptions_ReturnsParticipantStatusAndAuditTrail" computerName="QINS-WINDOWS" duration="00:00:00.0000015" startTime="2026-04-18T15:15:49.0467465+00:00" endTime="2026-04-18T15:15:49.0467450+00:00" testType="13CDC9D9-DDB5-4fa4-A97D-D965CCFC6D4B" outcome="Failed" testListId="8C84FA94-04C1-424b-9868-57A2D4851A1D" relativeResultsDirectory="13fe3eaf-29b5-4c8f-933e-749a9ca6d0bb">
      <Output>
        <ErrorInfo>
          <Message>BeforeTestSessionException: BeforeTestSession hook failed: An error occurred while writing to logger(s). (Cannot open log for source '.NET Runtime'. You may not have write access.)</Message>
          <StackTrace>   at TUnit.Engine.Services.HookExecutor.ExecuteBeforeTestSessionHooksAsync(CancellationToken cancellationToken)
   at TUnit.Engine.TestExecutor.EnsureTestSessionHooksExecutedAsync(CancellationToken cancellationToken)
   at TUnit.Engine.TestExecutor.ExecuteAsync(AbstractExecutableTest executableTest, TestInitializer testInitializer, CancellationToken cancellationToken, Nullable`1 testTimeout)
   at TUnit.Engine.TestExecutor.ExecuteAsync(AbstractExecutableTest executableTest, TestInitializer testInitializer, CancellationToken cancellationToken, Nullable`1 testTimeout)
   at TUnit.Engine.Services.TestExecution.TestCoordinator.ExecuteTestLifecycleAsync(AbstractExecutableTest test, CancellationToken cancellationToken)
   at TUnit.Engine.Services.TestExecution.TestCoordinator.ExecuteTestLifecycleAsync(AbstractExecutableTest test, CancellationToken cancellationToken)
   at TUnit.Engine.Services.TestExecution.RetryHelper.ExecuteWithRetry(TestContext testContext, Func`1 action)
   at TUnit.Engine.Services.TestExecution.RetryHelper.ExecuteWithRetry(TestContext testContext, Func`1 action)
   at TUnit.Engine.Services.TestExecution.TestCoordinator.ExecuteTestInternalAsync(AbstractExecutableTest test, CancellationToken cancellationToken)</StackTrace>
        </ErrorInfo>
      </Output>
    </UnitTestResult>
    <UnitTestResult executionId="a480c373-e13e-48cb-a1e4-1e0159730895" testId="6162b96b-3a81-4a3c-9af7-c337d1e6c054" testName="CreateResource_WithoutAuthentication_ReturnsUnauthorized" computerName="QINS-WINDOWS" duration="00:00:00.0000006" startTime="2026-04-18T15:15:49.0498277+00:00" endTime="2026-04-18T15:15:49.0498271+00:00" testType="13CDC9D9-DDB5-4fa4-A97D-D965CCFC6D4B" outcome="Failed" testListId="8C84FA94-04C1-424b-9868-57A2D4851A1D" relativeResultsDirectory="a480c373-e13e-48cb-a1e4-1e0159730895">
      <Output>
        <ErrorInfo>
          <Message>BeforeTestSessionException: BeforeTestSession hook failed: An error occurred while writing to logger(s). (Cannot open log for source '.NET Runtime'. You may not have write access.)</Message>
          <StackTrace>   at TUnit.Engine.Services.HookExecutor.ExecuteBeforeTestSessionHooksAsync(CancellationToken cancellationToken)
   at TUnit.Engine.TestExecutor.EnsureTestSessionHooksExecutedAsync(CancellationToken cancellationToken)
   at TUnit.Engine.TestExecutor.ExecuteAsync(AbstractExecutableTest executableTest, TestInitializer testInitializer, CancellationToken cancellationToken, Nullable`1 testTimeout)
   at TUnit.Engine.TestExecutor.ExecuteAsync(AbstractExecutableTest executableTest, TestInitializer testInitializer, CancellationToken cancellationToken, Nullable`1 testTimeout)
   at TUnit.Engine.Services.TestExecution.TestCoordinator.ExecuteTestLifecycleAsync(AbstractExecutableTest test, CancellationToken cancellationToken)
   at TUnit.Engine.Services.TestExecution.TestCoordinator.ExecuteTestLifecycleAsync(AbstractExecutableTest test, CancellationToken cancellationToken)
   at TUnit.Engine.Services.TestExecution.RetryHelper.ExecuteWithRetry(TestContext testContext, Func`1 action)
   at TUnit.Engine.Services.TestExecution.RetryHelper.ExecuteWithRetry(TestContext testContext, Func`1 action)
   at TUnit.Engine.Services.TestExecution.TestCoordinator.ExecuteTestInternalAsync(AbstractExecutableTest test, CancellationToken cancellationToken)</StackTrace>
        </ErrorInfo>
      </Output>
    </UnitTestResult>
    <UnitTestResult executionId="763de6ef-748a-4d82-ba22-89e25138c130" testId="22e7eb04-610c-4cb1-0ebe-4af80ddcd0d7" testName="CreateRegistrationQuestion_WithValidRequest_ReturnsOk" computerName="QINS-WINDOWS" duration="00:00:00.0000004" startTime="2026-04-18T15:15:49.0446850+00:00" endTime="2026-04-18T15:15:49.0446846+00:00" testType="13CDC9D9-DDB5-4fa4-A97D-D965CCFC6D4B" outcome="Failed" testListId="8C84FA94-04C1-424b-9868-57A2D4851A1D" relativeResultsDirectory="763de6ef-748a-4d82-ba22-89e25138c130">
      <Output>
        <ErrorInfo>
          <Message>BeforeTestSessionException: BeforeTestSession hook failed: An error occurred while writing to logger(s). (Cannot open log for source '.NET Runtime'. You may not have write access.)</Message>
          <StackTrace>   at TUnit.Engine.Services.HookExecutor.ExecuteBeforeTestSessionHooksAsync(CancellationToken cancellationToken)
   at TUnit.Engine.TestExecutor.EnsureTestSessionHooksExecutedAsync(CancellationToken cancellationToken)
   at TUnit.Engine.TestExecutor.ExecuteAsync(AbstractExecutableTest executableTest, TestInitializer testInitializer, CancellationToken cancellationToken, Nullable`1 testTimeout)
   at TUnit.Engine.TestExecutor.ExecuteAsync(AbstractExecutableTest executableTest, TestInitializer testInitializer, CancellationToken cancellationToken, Nullable`1 testTimeout)
   at TUnit.Engine.Services.TestExecution.TestCoordinator.ExecuteTestLifecycleAsync(AbstractExecutableTest test, CancellationToken cancellationToken)
   at TUnit.Engine.Services.TestExecution.TestCoordinator.ExecuteTestLifecycleAsync(AbstractExecutableTest test, CancellationToken cancellationToken)</StackTrace>
        </ErrorInfo>
      </Output>
    </UnitTestResult>
    <UnitTestResult executionId="b4ecf8bd-82a6-4b8e-9a41-d9b44e3c84ae" testId="32e7dc72-6fd3-d673-9586-c288366d4d3a" testName="CreateRegistrationQuestion_WithDuplicateKey_ReturnsError" computerName="QINS-WINDOWS" duration="00:00:00.0000007" startTime="2026-04-18T15:15:49.0516178+00:00" endTime="2026-04-18T15:15:49.0516171+00:00" testType="13CDC9D9-DDB5-4fa4-A97D-D965CCFC6D4B" outcome="Failed" testListId="8C84FA94-04C1-424b-9868-57A2D4851A1D" relativeResultsDirectory="b4ecf8bd-82a6-4b8e-9a41-d9b44e3c84ae">
      <Output>
        <ErrorInfo>
          <Message>BeforeTestSessionException: BeforeTestSession hook failed: An error occurred while writing to logger(s). (Cannot open log for source '.NET Runtime'. You may not have write access.)</Message>
          <StackTrace>   at TUnit.Engine.Services.HookExecutor.ExecuteBeforeTestSessionHooksAsync(CancellationToken cancellationToken)
   at TUnit.Engine.Services.TestExecution.TestCoordinator.ExecuteTestLifecycleAsync(AbstractExecutableTest test, CancellationToken cancellationToken)
   at TUnit.Engine.Services.TestExecution.RetryHelper.ExecuteWithRetry(TestContext testContext, Func`1 action)
   at TUnit.Engine.Services.TestExecution.RetryHelper.ExecuteWithRetry(TestContext testContext, Func`1 action)
   at TUnit.Engine.Services.TestExecution.RetryHelper.ExecuteWithRetry(TestContext testContext, Func`1 action)
   at TUnit.Engine.Services.TestExecution.TestCoordinator.ExecuteTestInternalAsync(AbstractExecutableTest test, CancellationToken cancellationToken)
   at TUnit.Engine.TestExecutor.ExecuteAsync(AbstractExecutableTest executableTest, TestInitializer testInitializer, CancellationToken cancellationToken, Nullable`1 testTimeout)
   at TUnit.Engine.Services.TestExecution.TestCoordinator.ExecuteTestInternalAsync(AbstractExecutableTest test, CancellationToken cancellationToken)
   at TUnit.Engine.Services.TestExecution.TestCoordinator.ExecuteTestLifecycleAsync(AbstractExecutableTest test, CancellationToken cancellationToken)</StackTrace>
        </ErrorInfo>
      </Output>
    </UnitTestResult>
    <UnitTestResult executionId="da1b3113-91f1-4d97-a453-635deb59ee32" testId="745fab8d-27a2-5aa7-4f41-a9acce6269d0" testName="GetChallenge_WithValidId_ReturnsChallenge" computerName="QINS-WINDOWS" duration="00:00:00.0000005" startTime="2026-04-18T15:15:49.0525440+00:00" endTime="2026-04-18T15:15:49.0525435+00:00" testType="13CDC9D9-DDB5-4fa4-A97D-D965CCFC6D4B" outcome="Failed" testListId="8C84FA94-04C1-424b-9868-57A2D4851A1D" relativeResultsDirectory="da1b3113-91f1-4d97-a453-635deb59ee32">
      <Output>
        <ErrorInfo>
          <Message>BeforeTestSessionException: BeforeTestSession hook failed: An error occurred while writing to logger(s). (Cannot open log for source '.NET Runtime'. You may not have write access.)</Message>
          <StackTrace>   at TUnit.Engine.Services.HookExecutor.ExecuteBeforeTestSessionHooksAsync(CancellationToken cancellationToken)
   at TUnit.Engine.Services.TestExecution.TestCoordinator.ExecuteTestLifecycleAsync(AbstractExecutableTest test, CancellationToken cancellationToken)
   at TUnit.Engine.Services.TestExecution.RetryHelper.ExecuteWithRetry(TestContext testContext, Func`1 action)
   at TUnit.Engine.Services.TestExecution.RetryHelper.ExecuteWithRetry(TestContext testContext, Func`1 action)
   at TUnit.Engine.Services.TestExecution.RetryHelper.ExecuteWithRetry(TestContext testContext, Func`1 action)
   at TUnit.Engine.Services.TestExecution.TestCoordinator.ExecuteTestInternalAsync(AbstractExecutableTest test, CancellationToken cancellationToken)
   at TUnit.Engine.TestExecutor.ExecuteAsync(AbstractExecutableTest executableTest, TestInitializer testInitializer, CancellationToken cancellationToken, Nullable`1 testTimeout)
   at TUnit.Engine.Services.TestExecution.TestCoordinator.ExecuteTestInternalAsync(AbstractExecutableTest test, CancellationToken cancellationToken)
   at TUnit.Engine.Services.TestExecution.TestCoordinator.ExecuteTestLifecycleAsync(AbstractExecutableTest test, CancellationToken cancellationToken)</StackTrace>
        </ErrorInfo>
      </Output>
    </UnitTestResult>
    <UnitTestResult executionId="c552082e-fbf0-44db-b028-d8823afd7294" testId="89d2e6db-e85e-8cd7-0d08-f578b8827e78" testName="ListRegistrationQuestions_WithValidHackathon_ReturnsOk" computerName="QINS-WINDOWS" duration="00:00:00.0000004" startTime="2026-04-18T15:15:49.0534279+00:00" endTime="2026-04-18T15:15:49.0534275+00:00" testType="13CDC9D9-DDB5-4fa4-A97D-D965CCFC6D4B" outcome="Failed" testListId="8C84FA94-04C1-424b-9868-57A2D4851A1D" relativeResultsDirectory="c552082e-fbf0-44db-b028-d8823afd7294">
      <Output>
        <ErrorInfo>
          <Message>BeforeTestSessionException: BeforeTestSession hook failed: An error occurred while writing to logger(s). (Cannot open log for source '.NET Runtime'. You may not have write access.)</Message>
          <StackTrace>   at TUnit.Engine.Services.HookExecutor.ExecuteBeforeTestSessionHooksAsync(CancellationToken cancellationToken)
   at TUnit.Engine.TestExecutor.EnsureTestSessionHooksExecutedAsync(CancellationToken cancellationToken)
   at TUnit.Engine.TestExecutor.EnsureTestSessionHooksExecutedAsync(CancellationToken cancellationToken)</StackTrace>
        </ErrorInfo>
      </Output>
    </UnitTestResult>
    <UnitTestResult executionId="2aab6d33-1671-4739-8161-61e88ddfe399" testId="0544342e-ecad-3590-2bac-1654eff0270c" testName="Impersonate_InDevelopment_CreatesUserAndReturnsOk" computerName="QINS-WINDOWS" duration="00:00:00.0000005" startTime="2026-04-18T15:15:49.0479169+00:00" endTime="2026-04-18T15:15:49.0479164+00:00" testType="13CDC9D9-DDB5-4fa4-A97D-D965CCFC6D4B" outcome="Failed" testListId="8C84FA94-04C1-424b-9868-57A2D4851A1D" relativeResultsDirectory="2aab6d33-1671-4739-8161-61e88ddfe399">
      <Output>
        <ErrorInfo>
          <Message>BeforeTestSessionException: BeforeTestSession hook failed: An error occurred while writing to logger(s). (Cannot open log for source '.NET Runtime'. You may not have write access.)</Message>
          <StackTrace>   at TUnit.Engine.Services.HookExecutor.ExecuteBeforeTestSessionHooksAsync(CancellationToken cancellationToken)
   at TUnit.Engine.TestExecutor.EnsureTestSessionHooksExecutedAsync(CancellationToken cancellationToken)
   at TUnit.Engine.Services.TestExecution.RetryHelper.ExecuteWithRetry(TestContext testContext, Func`1 action)
   at TUnit.Engine.Services.TestExecution.TestCoordinator.ExecuteTestLifecycleAsync(AbstractExecutableTest test, CancellationToken cancellationToken)
   at TUnit.Engine.TestExecutor.ExecuteAsync(AbstractExecutableTest executableTest, TestInitializer testInitializer, CancellationToken cancellationToken, Nullable`1 testTimeout)
   at TUnit.Engine.Services.TestExecution.RetryHelper.ExecuteWithRetry(TestContext testContext, Func`1 action)
   at TUnit.Engine.Services.TestExecution.TestCoordinator.ExecuteTestInternalAsync(AbstractExecutableTest test, CancellationToken cancellationToken)
   at TUnit.Engine.Services.TestExecution.TestCoordinator.ExecuteTestLifecycleAsync(AbstractExecutableTest test, CancellationToken cancellationToken)
   at TUnit.Engine.Services.TestExecution.RetryHelper.ExecuteWithRetry(TestContext testContext, Func`1 action)
   at TUnit.Engine.Services.TestExecution.TestCoordinator.ExecuteTestInternalAsync(AbstractExecutableTest test, CancellationToken cancellationToken)
   at TUnit.Engine.Services.TestExecution.TestCoordinator.ExecuteTestLifecycleAsync(AbstractExecutableTest test, CancellationToken cancellationToken)
   at TUnit.Engine.Services.TestExecution.RetryHelper.ExecuteWithRetry(TestContext testContext, Func`1 action)
   at TUnit.Engine.Services.TestExecution.RetryHelper.ExecuteWithRetry(TestContext testContext, Func`1 action)</StackTrace>
        </ErrorInfo>
      </Output>
    </UnitTestResult>
    <UnitTestResult executionId="4899822f-b9a9-49ec-9f40-d760e3bd28bd" testId="0e78cca0-a25c-2eb1-bc0c-19a28680e6b1" testName="CreateResource_WithInvalidHackathonId_ReturnsNotFound" computerName="QINS-WINDOWS" duration="00:00:00.0000006" startTime="2026-04-18T15:15:49.0584181+00:00" endTime="2026-04-18T15:15:49.0584175+00:00" testType="13CDC9D9-DDB5-4fa4-A97D-D965CCFC6D4B" outcome="Failed" testListId="8C84FA94-04C1-424b-9868-57A2D4851A1D" relativeResultsDirectory="4899822f-b9a9-49ec-9f40-d760e3bd28bd">
      <Output>
        <ErrorInfo>
          <Message>BeforeTestSessionException: BeforeTestSession hook failed: An error occurred while writing to logger(s). (Cannot open log for source '.NET Runtime'. You may not have write access.)</Message>
          <StackTrace>   at TUnit.Engine.Services.HookExecutor.ExecuteBeforeTestSessionHooksAsync(CancellationToken cancellationToken)
   at TUnit.Engine.TestExecutor.EnsureTestSessionHooksExecutedAsync(CancellationToken cancellationToken)
   at TUnit.Engine.TestExecutor.ExecuteAsync(AbstractExecutableTest executableTest, TestInitializer testInitializer, CancellationToken cancellationToken, Nullable`1 testTimeout)
   at TUnit.Engine.TestExecutor.ExecuteAsync(AbstractExecutableTest executableTest, TestInitializer testInitializer, CancellationToken cancellationToken, Nullable`1 testTimeout)
   at TUnit.Engine.Services.TestExecution.TestCoordinator.ExecuteTestLifecycleAsync(AbstractExecutableTest test, CancellationToken cancellationToken)
   at TUnit.Engine.Services.TestExecution.TestCoordinator.ExecuteTestLifecycleAsync(AbstractExecutableTest test, CancellationToken cancellationToken)
   at TUnit.Engine.Services.TestExecution.RetryHelper.ExecuteWithRetry(TestContext testContext, Func`1 action)
   at TUnit.Engine.Services.TestExecution.RetryHelper.ExecuteWithRetry(TestContext testContext, Func`1 action)
   at TUnit.Engine.Services.TestExecution.TestCoordinator.ExecuteTestInternalAsync(AbstractExecutableTest test, CancellationToken cancellationToken)</StackTrace>
        </ErrorInfo>
      </Output>
    </UnitTestResult>
    <UnitTestResult executionId="ae616434-2a90-4744-a6ea-9e94dbf4816d" testId="c2326312-3394-c0e5-984e-445856abdb27" testName="ListRegistrationQuestions_WithInvalidHackathonId_ReturnsNotFound" computerName="QINS-WINDOWS" duration="00:00:00.0000005" startTime="2026-04-18T15:15:49.0512204+00:00" endTime="2026-04-18T15:15:49.0512199+00:00" testType="13CDC9D9-DDB5-4fa4-A97D-D965CCFC6D4B" outcome="Failed" testListId="8C84FA94-04C1-424b-9868-57A2D4851A1D" relativeResultsDirectory="ae616434-2a90-4744-a6ea-9e94dbf4816d">
      <Output>
        <ErrorInfo>
          <Message>BeforeTestSessionException: BeforeTestSession hook failed: An error occurred while writing to logger(s). (Cannot open log for source '.NET Runtime'. You may not have write access.)</Message>
          <StackTrace>   at TUnit.Engine.Services.HookExecutor.ExecuteBeforeTestSessionHooksAsync(CancellationToken cancellationToken)
   at TUnit.Engine.TestExecutor.EnsureTestSessionHooksExecutedAsync(CancellationToken cancellationToken)
   at TUnit.Engine.TestExecutor.ExecuteAsync(AbstractExecutableTest executableTest, TestInitializer testInitializer, CancellationToken cancellationToken, Nullable`1 testTimeout)
   at TUnit.Engine.TestExecutor.ExecuteAsync(AbstractExecutableTest executableTest, TestInitializer testInitializer, CancellationToken cancellationToken, Nullable`1 testTimeout)
   at TUnit.Engine.Services.TestExecution.TestCoordinator.ExecuteTestLifecycleAsync(AbstractExecutableTest test, CancellationToken cancellationToken)</StackTrace>
        </ErrorInfo>
      </Output>
    </UnitTestResult>
    <UnitTestResult executionId="a0a60ada-67f1-4cb5-bbb7-4d02b535c6a6" testId="4f4e6b55-ba34-3680-455c-4f829c58a2b6" testName="CreateRegistrationQuestion_WithoutAuthentication_ReturnsUnauthorized" computerName="QINS-WINDOWS" duration="00:00:00.0000007" startTime="2026-04-18T15:15:49.0607736+00:00" endTime="2026-04-18T15:15:49.0607729+00:00" testType="13CDC9D9-DDB5-4fa4-A97D-D965CCFC6D4B" outcome="Failed" testListId="8C84FA94-04C1-424b-9868-57A2D4851A1D" relativeResultsDirectory="a0a60ada-67f1-4cb5-bbb7-4d02b535c6a6">
      <Output>
        <ErrorInfo>
          <Message>BeforeTestSessionException: BeforeTestSession hook failed: An error occurred while writing to logger(s). (Cannot open log for source '.NET Runtime'. You may not have write access.)</Message>
          <StackTrace>   at TUnit.Engine.Services.HookExecutor.ExecuteBeforeTestSessionHooksAsync(CancellationToken cancellationToken)
   at TUnit.Engine.TestExecutor.EnsureTestSessionHooksExecutedAsync(CancellationToken cancellationToken)
   at TUnit.Engine.Services.TestExecution.TestCoordinator.ExecuteTestLifecycleAsync(AbstractExecutableTest test, CancellationToken cancellationToken)
   at TUnit.Engine.TestExecutor.ExecuteAsync(AbstractExecutableTest executableTest, TestInitializer testInitializer, CancellationToken cancellationToken, Nullable`1 testTimeout)
   at TUnit.Engine.Services.TestExecution.RetryHelper.ExecuteWithRetry(TestContext testContext, Func`1 action)
   at TUnit.Engine.Services.TestExecution.RetryHelper.ExecuteWithRetry(TestContext testContext, Func`1 action)
   at TUnit.Engine.TestExecutor.ExecuteAsync(AbstractExecutableTest executableTest, TestInitializer testInitializer, CancellationToken cancellationToken, Nullable`1 testTimeout)
   at TUnit.Engine.Services.TestExecution.TestCoordinator.ExecuteTestLifecycleAsync(AbstractExecutableTest test, CancellationToken cancellationToken)
   at TUnit.Engine.Services.TestExecution.TestCoordinator.ExecuteTestLifecycleAsync(AbstractExecutableTest test, CancellationToken cancellationToken)
   at TUnit.Engine.Services.TestExecution.RetryHelper.ExecuteWithRetry(TestContext testContext, Func`1 action)
   at TUnit.Engine.Services.TestExecution.RetryHelper.ExecuteWithRetry(TestContext testContext, Func`1 action)
   at TUnit.Engine.Services.TestExecution.TestCoordinator.ExecuteTestInternalAsync(AbstractExecutableTest test, CancellationToken cancellationToken)</StackTrace>
        </ErrorInfo>
      </Output>
    </UnitTestResult>
    <UnitTestResult executionId="3dd7b496-49b8-4e28-bd7a-95bb7a38e546" testId="7f4ca24f-99fc-1af9-3001-5c0fc87516f8" testName="UpdateHackathon_WithValidRequest_ReturnsUpdatedHackathon" computerName="QINS-WINDOWS" duration="00:00:00.0000006" startTime="2026-04-18T15:15:49.0608864+00:00" endTime="2026-04-18T15:15:49.0608858+00:00" testType="13CDC9D9-DDB5-4fa4-A97D-D965CCFC6D4B" outcome="Failed" testListId="8C84FA94-04C1-424b-9868-57A2D4851A1D" relativeResultsDirectory="3dd7b496-49b8-4e28-bd7a-95bb7a38e546">
      <Output>
        <ErrorInfo>
          <Message>BeforeTestSessionException: BeforeTestSession hook failed: An error occurred while writing to logger(s). (Cannot open log for source '.NET Runtime'. You may not have write access.)</Message>
          <StackTrace>   at TUnit.Engine.Services.HookExecutor.ExecuteBeforeTestSessionHooksAsync(CancellationToken cancellationToken)
   at TUnit.Engine.TestExecutor.EnsureTestSessionHooksExecutedAsync(CancellationToken cancellationToken)
   at TUnit.Engine.Services.TestExecution.TestCoordinator.ExecuteTestLifecycleAsync(AbstractExecutableTest test, CancellationToken cancellationToken)
   at TUnit.Engine.TestExecutor.ExecuteAsync(AbstractExecutableTest executableTest, TestInitializer testInitializer, CancellationToken cancellationToken, Nullable`1 testTimeout)
   at TUnit.Engine.Services.TestExecution.RetryHelper.ExecuteWithRetry(TestContext testContext, Func`1 action)
   at TUnit.Engine.Services.TestExecution.RetryHelper.ExecuteWithRetry(TestContext testContext, Func`1 action)
   at TUnit.Engine.TestExecutor.ExecuteAsync(AbstractExecutableTest executableTest, TestInitializer testInitializer, CancellationToken cancellationToken, Nullable`1 testTimeout)
   at TUnit.Engine.Services.TestExecution.TestCoordinator.ExecuteTestLifecycleAsync(AbstractExecutableTest test, CancellationToken cancellationToken)
   at TUnit.Engine.Services.TestExecution.TestCoordinator.ExecuteTestLifecycleAsync(AbstractExecutableTest test, CancellationToken cancellationToken)
   at TUnit.Engine.Services.TestExecution.RetryHelper.ExecuteWithRetry(TestContext testContext, Func`1 action)
   at TUnit.Engine.Services.TestExecution.RetryHelper.ExecuteWithRetry(TestContext testContext, Func`1 action)
   at TUnit.Engine.Services.TestExecution.TestCoordinator.ExecuteTestInternalAsync(AbstractExecutableTest test, CancellationToken cancellationToken)</StackTrace>
        </ErrorInfo>
      </Output>
    </UnitTestResult>
    <UnitTestResult executionId="331cce2b-b1f7-4a16-8d66-66ee41440689" testId="93897e3b-f870-742a-e926-a3e4b4579e13" testName="CreateResource_WithValidRequest_ReturnsOk" computerName="QINS-WINDOWS" duration="00:00:00.0000009" startTime="2026-04-18T15:15:49.0540241+00:00" endTime="2026-04-18T15:15:49.0540232+00:00" testType="13CDC9D9-DDB5-4fa4-A97D-D965CCFC6D4B" outcome="Failed" testListId="8C84FA94-04C1-424b-9868-57A2D4851A1D" relativeResultsDirectory="331cce2b-b1f7-4a16-8d66-66ee41440689">
      <Output>
        <ErrorInfo>
          <Message>BeforeTestSessionException: BeforeTestSession hook failed: An error occurred while writing to logger(s). (Cannot open log for source '.NET Runtime'. You may not have write access.)</Message>
          <StackTrace>   at TUnit.Engine.Services.HookExecutor.ExecuteBeforeTestSessionHooksAsync(CancellationToken cancellationToken)
   at TUnit.Engine.TestExecutor.EnsureTestSessionHooksExecutedAsync(CancellationToken cancellationToken)
   at TUnit.Engine.TestExecutor.ExecuteAsync(AbstractExecutableTest executableTest, TestInitializer testInitializer, CancellationToken cancellationToken, Nullable`1 testTimeout)
   at TUnit.Engine.Services.TestExecution.TestCoordinator.ExecuteTestLifecycleAsync(AbstractExecutableTest test, CancellationToken cancellationToken)
   at TUnit.Engine.TestExecutor.ExecuteAsync(AbstractExecutableTest executableTest, TestInitializer testInitializer, CancellationToken cancellationToken, Nullable`1 testTimeout)
   at TUnit.Engine.Services.TestExecution.TestCoordinator.ExecuteTestLifecycleAsync(AbstractExecutableTest test, CancellationToken cancellationToken)
   at TUnit.Engine.Services.TestExecution.RetryHelper.ExecuteWithRetry(TestContext testContext, Func`1 action)
   at TUnit.Engine.Services.TestExecution.RetryHelper.ExecuteWithRetry(TestContext testContext, Func`1 action)
   at TUnit.Engine.Services.TestExecution.TestCoordinator.ExecuteTestInternalAsync(AbstractExecutableTest test, CancellationToken cancellationToken)</StackTrace>
        </ErrorInfo>
      </Output>
    </UnitTestResult>
    <UnitTestResult executionId="f66d3c80-3d4c-4e10-87d5-b9333595847c" testId="03ed0638-933f-52a5-8ab3-d8c5075b6b43" testName="ListSubmissions_WithValidHackathon_ReturnsOk" computerName="QINS-WINDOWS" duration="00:00:00.0000005" startTime="2026-04-18T15:15:49.0632117+00:00" endTime="2026-04-18T15:15:49.0632112+00:00" testType="13CDC9D9-DDB5-4fa4-A97D-D965CCFC6D4B" outcome="Failed" testListId="8C84FA94-04C1-424b-9868-57A2D4851A1D" relativeResultsDirectory="f66d3c80-3d4c-4e10-87d5-b9333595847c">
      <Output>
        <ErrorInfo>
          <Message>BeforeTestSessionException: BeforeTestSession hook failed: An error occurred while writing to logger(s). (Cannot open log for source '.NET Runtime'. You may not have write access.)</Message>
          <StackTrace>   at TUnit.Engine.Services.HookExecutor.ExecuteBeforeTestSessionHooksAsync(CancellationToken cancellationToken)
   at TUnit.Engine.TestExecutor.EnsureTestSessionHooksExecutedAsync(CancellationToken cancellationToken)
   at TUnit.Engine.Services.TestExecution.TestCoordinator.ExecuteTestLifecycleAsync(AbstractExecutableTest test, CancellationToken cancellationToken)
   at TUnit.Engine.TestExecutor.ExecuteAsync(AbstractExecutableTest executableTest, TestInitializer testInitializer, CancellationToken cancellationToken, Nullable`1 testTimeout)
   at TUnit.Engine.Services.TestExecution.TestCoordinator.ExecuteTestLifecycleAsync(AbstractExecutableTest test, CancellationToken cancellationToken)
   at TUnit.Engine.Services.TestExecution.RetryHelper.ExecuteWithRetry(TestContext testContext, Func`1 action)
   at TUnit.Engine.Services.TestExecution.RetryHelper.ExecuteWithRetry(TestContext testContext, Func`1 action)
   at TUnit.Engine.Services.TestExecution.TestCoordinator.ExecuteTestInternalAsync(AbstractExecutableTest test, CancellationToken cancellationToken)
   at TUnit.Engine.Services.TestExecution.TestCoordinator.ExecuteTestLifecycleAsync(AbstractExecutableTest test, CancellationToken cancellationToken)
   at TUnit.Engine.Services.TestExecution.RetryHelper.ExecuteWithRetry(TestContext testContext, Func`1 action)
   at TUnit.Engine.Services.TestExecution.RetryHelper.ExecuteWithRetry(TestContext testContext, Func`1 action)
   at TUnit.Engine.Services.TestExecution.TestCoordinator.ExecuteTestInternalAsync(AbstractExecutableTest test, CancellationToken cancellationToken)</StackTrace>
        </ErrorInfo>
      </Output>
    </UnitTestResult>
    <UnitTestResult executionId="0b5cf15e-1fd4-45a8-9f8d-c732a182a2ad" testId="788c8752-db8f-54c2-6e23-c8e63b756318" testName="ListSubmissions_WithInvalidHackathonId_ReturnsNotFound" computerName="QINS-WINDOWS" duration="00:00:00.0000009" startTime="2026-04-18T15:15:49.0633033+00:00" endTime="2026-04-18T15:15:49.0633024+00:00" testType="13CDC9D9-DDB5-4fa4-A97D-D965CCFC6D4B" outcome="Failed" testListId="8C84FA94-04C1-424b-9868-57A2D4851A1D" relativeResultsDirectory="0b5cf15e-1fd4-45a8-9f8d-c732a182a2ad">
      <Output>
        <ErrorInfo>
          <Message>BeforeTestSessionException: BeforeTestSession hook failed: An error occurred while writing to logger(s). (Cannot open log for source '.NET Runtime'. You may not have write access.)</Message>
          <StackTrace>   at TUnit.Engine.Services.HookExecutor.ExecuteBeforeTestSessionHooksAsync(CancellationToken cancellationToken)
   at TUnit.Engine.TestExecutor.EnsureTestSessionHooksExecutedAsync(CancellationToken cancellationToken)
   at TUnit.Engine.Services.TestExecution.TestCoordinator.ExecuteTestLifecycleAsync(AbstractExecutableTest test, CancellationToken cancellationToken)
   at TUnit.Engine.TestExecutor.ExecuteAsync(AbstractExecutableTest executableTest, TestInitializer testInitializer, CancellationToken cancellationToken, Nullable`1 testTimeout)
   at TUnit.Engine.Services.TestExecution.TestCoordinator.ExecuteTestLifecycleAsync(AbstractExecutableTest test, CancellationToken cancellationToken)
   at TUnit.Engine.Services.TestExecution.RetryHelper.ExecuteWithRetry(TestContext testContext, Func`1 action)
   at TUnit.Engine.Services.TestExecution.RetryHelper.ExecuteWithRetry(TestContext testContext, Func`1 action)
   at TUnit.Engine.Services.TestExecution.TestCoordinator.ExecuteTestInternalAsync(AbstractExecutableTest test, CancellationToken cancellationToken)
   at TUnit.Engine.Services.TestExecution.TestCoordinator.ExecuteTestLifecycleAsync(AbstractExecutableTest test, CancellationToken cancellationToken)
   at TUnit.Engine.Services.TestExecution.RetryHelper.ExecuteWithRetry(TestContext testContext, Func`1 action)
   at TUnit.Engine.Services.TestExecution.RetryHelper.ExecuteWithRetry(TestContext testContext, Func`1 action)
   at TUnit.Engine.Services.TestExecution.TestCoordinator.ExecuteTestInternalAsync(AbstractExecutableTest test, CancellationToken cancellationToken)</StackTrace>
        </ErrorInfo>
      </Output>
    </UnitTestResult>
    <UnitTestResult executionId="aac8bd58-9b11-4469-8ecd-9c977ed95b76" testId="e1a77e05-72b6-0f58-68fa-6a2d35a1aff0" testName="UpdateHackathon_PublishHackathon_ReturnsUpdatedHackathon" computerName="QINS-WINDOWS" duration="00:00:00.0000007" startTime="2026-04-18T15:15:49.0652001+00:00" endTime="2026-04-18T15:15:49.0651994+00:00" testType="13CDC9D9-DDB5-4fa4-A97D-D965CCFC6D4B" outcome="Failed" testListId="8C84FA94-04C1-424b-9868-57A2D4851A1D" relativeResultsDirectory="aac8bd58-9b11-4469-8ecd-9c977ed95b76">
      <Output>
        <ErrorInfo>
          <Message>BeforeTestSessionException: BeforeTestSession hook failed: An error occurred while writing to logger(s). (Cannot open log for source '.NET Runtime'. You may not have write access.)</Message>
          <StackTrace>   at TUnit.Engine.Services.HookExecutor.ExecuteBeforeTestSessionHooksAsync(CancellationToken cancellationToken)
   at TUnit.Engine.TestExecutor.EnsureTestSessionHooksExecutedAsync(CancellationToken cancellationToken)
   at TUnit.Engine.TestExecutor.ExecuteAsync(AbstractExecutableTest executableTest, TestInitializer testInitializer, CancellationToken cancellationToken, Nullable`1 testTimeout)
   at TUnit.Engine.TestExecutor.ExecuteAsync(AbstractExecutableTest executableTest, TestInitializer testInitializer, CancellationToken cancellationToken, Nullable`1 testTimeout)
   at TUnit.Engine.Services.TestExecution.TestCoordinator.ExecuteTestLifecycleAsync(AbstractExecutableTest test, CancellationToken cancellationToken)
   at TUnit.Engine.Services.TestExecution.TestCoordinator.ExecuteTestLifecycleAsync(AbstractExecutableTest test, CancellationToken cancellationToken)
   at TUnit.Engine.Services.TestExecution.RetryHelper.ExecuteWithRetry(TestContext testContext, Func`1 action)
   at TUnit.Engine.Services.TestExecution.RetryHelper.ExecuteWithRetry(TestContext testContext, Func`1 action)
   at TUnit.Engine.Services.TestExecution.TestCoordinator.ExecuteTestInternalAsync(AbstractExecutableTest test, CancellationToken cancellationToken)</StackTrace>
        </ErrorInfo>
      </Output>
    </UnitTestResult>
    <UnitTestResult executionId="207fd7b0-161a-478d-90b0-a096b96e1100" testId="7bb4957a-bac7-4fd2-977d-2dba01eabace" testName="ListTeams_WithValidHackathon_ReturnsOk" computerName="QINS-WINDOWS" duration="00:00:00.0000005" startTime="2026-04-18T15:15:49.0663226+00:00" endTime="2026-04-18T15:15:49.0663221+00:00" testType="13CDC9D9-DDB5-4fa4-A97D-D965CCFC6D4B" outcome="Failed" testListId="8C84FA94-04C1-424b-9868-57A2D4851A1D" relativeResultsDirectory="207fd7b0-161a-478d-90b0-a096b96e1100">
      <Output>
        <ErrorInfo>
          <Message>BeforeTestSessionException: BeforeTestSession hook failed: An error occurred while writing to logger(s). (Cannot open log for source '.NET Runtime'. You may not have write access.)</Message>
          <StackTrace>   at System.Runtime.ExceptionServices.ExceptionDispatchInfo.Throw()
   --- TUnit internals omitted (run with --detailed-stacktrace for full trace) ---</StackTrace>
        </ErrorInfo>
      </Output>
    </UnitTestResult>
    <UnitTestResult executionId="65cd539f-d3ba-438c-b73f-af8644ef44b6" testId="c136e690-438f-b26e-8383-eeedd376547d" testName="ListTeams_WithoutAuthentication_ReturnsUnauthorized" computerName="QINS-WINDOWS" duration="00:00:00.0000005" startTime="2026-04-18T15:15:49.0667803+00:00" endTime="2026-04-18T15:15:49.0667798+00:00" testType="13CDC9D9-DDB5-4fa4-A97D-D965CCFC6D4B" outcome="Failed" testListId="8C84FA94-04C1-424b-9868-57A2D4851A1D" relativeResultsDirectory="65cd539f-d3ba-438c-b73f-af8644ef44b6">
      <Output>
        <ErrorInfo>
          <Message>BeforeTestSessionException: BeforeTestSession hook failed: An error occurred while writing to logger(s). (Cannot open log for source '.NET Runtime'. You may not have write access.)</Message>
          <StackTrace>   at TUnit.Engine.Services.HookExecutor.ExecuteBeforeTestSessionHooksAsync(CancellationToken cancellationToken)
   at TUnit.Engine.TestExecutor.EnsureTestSessionHooksExecutedAsync(CancellationToken cancellationToken)
   at TUnit.Engine.TestExecutor.ExecuteAsync(AbstractExecutableTest executableTest, TestInitializer testInitializer, CancellationToken cancellationToken, Nullable`1 testTimeout)
   at TUnit.Engine.TestExecutor.ExecuteAsync(AbstractExecutableTest executableTest, TestInitializer testInitializer, CancellationToken cancellationToken, Nullable`1 testTimeout)
   at TUnit.Engine.Services.TestExecution.TestCoordinator.ExecuteTestLifecycleAsync(AbstractExecutableTest test, CancellationToken cancellationToken)
   at TUnit.Engine.TestExecutor.EnsureTestSessionHooksExecutedAsync(CancellationToken cancellationToken)
   at TUnit.Engine.TestExecutor.ExecuteAsync(AbstractExecutableTest executableTest, TestInitializer testInitializer, CancellationToken cancellationToken, Nullable`1 testTimeout)
[...]
    <TestEntry testId="0802d49d-ed96-23e8-85df-3cf708cfb177" executionId="46391497-1088-4095-8883-05d84d211820" testListId="8C84FA94-04C1-424b-9868-57A2D4851A1D" />
    <TestEntry testId="53f22b20-bc94-33fe-15ec-efb0cf141aed" executionId="9795437c-1d5d-47ad-a537-ce474003fcbc" testListId="8C84FA94-04C1-424b-9868-57A2D4851A1D" />
    <TestEntry testId="facb22c6-fa3e-ed36-b4f2-9c1023e6b475" executionId="df374305-5f68-450b-838d-33564d73c651" testListId="8C84FA94-04C1-424b-9868-57A2D4851A1D" />
    <TestEntry testId="2341cac2-8e5b-ee97-b92a-7b153d460616" executionId="a6bb3dc5-73d3-45ea-92ef-5d13093160bd" testListId="8C84FA94-04C1-424b-9868-57A2D4851A1D" />
    <TestEntry testId="fc93072c-58b6-c266-4a01-27ddba87b38f" executionId="264d60fd-42c2-44f6-ae3c-1d7b65b8c8ca" testListId="8C84FA94-04C1-424b-9868-57A2D4851A1D" />
    <TestEntry testId="7da6c261-bc31-4e0f-33ed-712a9da34497" executionId="fc0e0490-54d5-4cab-9db8-6ea4d53748b5" testListId="8C84FA94-04C1-424b-9868-57A2D4851A1D" />
    <TestEntry testId="116f4d9e-c880-5aea-9903-df2210801a25" executionId="4008464a-a307-4d1f-83c7-86de6c6a29b5" testListId="8C84FA94-04C1-424b-9868-57A2D4851A1D" />
    <TestEntry testId="f2138dec-0686-aafb-de6d-14a6ac6b878d" executionId="18f69d79-524e-4342-94a4-80b7232846ee" testListId="8C84FA94-04C1-424b-9868-57A2D4851A1D" />
    <TestEntry testId="bb450a37-69fd-58d0-0c70-fffaaa26df55" executionId="1dd39d4c-7105-43c6-894b-b9cae253ec5f" testListId="8C84FA94-04C1-424b-9868-57A2D4851A1D" />
    <TestEntry testId="ac69c9b6-4998-d833-3f75-08b0733a39d1" executionId="1fe8c16b-8624-444a-93c7-c6b731f10635" testListId="8C84FA94-04C1-424b-9868-57A2D4851A1D" />
    <TestEntry testId="dbaa40a4-053c-27a5-6a59-f2390c4fa73c" executionId="5f2ad18a-5d82-4f1c-9595-082cdd4a09d5" testListId="8C84FA94-04C1-424b-9868-57A2D4851A1D" />
    <TestEntry testId="15134e2c-db74-ce6a-198c-420495a8783d" executionId="1455c3fa-6e2b-423a-96a1-5406148cfe9e" testListId="8C84FA94-04C1-424b-9868-57A2D4851A1D" />
    <TestEntry testId="bd1d10e5-f127-7fcc-5426-68a47a32f1b6" executionId="aa7a9fbf-ed97-4a07-8159-486467469ca7" testListId="8C84FA94-04C1-424b-9868-57A2D4851A1D" />
    <TestEntry testId="e24e8795-476b-9c6a-63fb-f437718d575d" executionId="b59e1a3f-0cbc-4c72-91a0-45c7a9ef38c0" testListId="8C84FA94-04C1-424b-9868-57A2D4851A1D" />
    <TestEntry testId="fefd744a-498b-1fc2-23ae-8efe3ad0d73d" executionId="6cadee8b-f3c1-470d-90f3-9567db93b00a" testListId="8C84FA94-04C1-424b-9868-57A2D4851A1D" />
    <TestEntry testId="d786fdd8-93a4-1d93-9c9b-bfce5ccf010e" executionId="0d992655-1a6d-4fc8-9221-488bea1c9546" testListId="8C84FA94-04C1-424b-9868-57A2D4851A1D" />
    <TestEntry testId="9853ca40-5b39-c3ea-de20-7c32d0deff80" executionId="878794cc-7781-4c2c-bfe7-126cc5140b6b" testListId="8C84FA94-04C1-424b-9868-57A2D4851A1D" />
    <TestEntry testId="adde6610-8496-b8ce-2561-858baa129abc" executionId="a706146c-87b9-4840-a3a7-eecad01c6c13" testListId="8C84FA94-04C1-424b-9868-57A2D4851A1D" />
    <TestEntry testId="f9bd23ba-e3eb-e174-79f9-d1e8fb053319" executionId="ff2dc2b7-ae1a-4b73-8d68-e2ef00dbd9d6" testListId="8C84FA94-04C1-424b-9868-57A2D4851A1D" />
    <TestEntry testId="2f300fea-f225-23eb-6c48-1a1239825ebf" executionId="38b53212-e7e6-40c3-8b89-fb6e54d1128e" testListId="8C84FA94-04C1-424b-9868-57A2D4851A1D" />
    <TestEntry testId="6571b2d8-85af-3575-cedc-ca043a4710b7" executionId="f9ea536b-0eb8-4617-8b80-497f0108099a" testListId="8C84FA94-04C1-424b-9868-57A2D4851A1D" />
    <TestEntry testId="b3c32195-c36f-91d8-54aa-7b1518c55e73" executionId="618e17cc-001c-422f-8925-fda247edabf5" testListId="8C84FA94-04C1-424b-9868-57A2D4851A1D" />
    <TestEntry testId="6d212c3a-df4f-15a3-55bb-4eeadf89aa02" executionId="15c26373-4dc4-40a4-bd29-fb4645fec9e3" testListId="8C84FA94-04C1-424b-9868-57A2D4851A1D" />
    <TestEntry testId="24eaa352-f242-572c-e796-4b750233903e" executionId="fd07e196-fcfd-49be-8c40-fcd9d4c3809f" testListId="8C84FA94-04C1-424b-9868-57A2D4851A1D" />
    <TestEntry testId="32f22bdc-001b-550b-9f77-c8ed1ec4c3eb" executionId="3b5a5bf8-52f2-45c3-8bf4-799ec264b055" testListId="8C84FA94-04C1-424b-9868-57A2D4851A1D" />
    <TestEntry testId="7d829a83-2081-6e5b-fbf2-48de741cd1d4" executionId="5fc70b1e-9ffe-473b-ac06-7b41957014c1" testListId="8C84FA94-04C1-424b-9868-57A2D4851A1D" />
    <TestEntry testId="ae1f7f74-cbbe-3c69-e2b4-79d625f3eb9b" executionId="88a46e74-3f08-40eb-874f-24f28f248dc9" testListId="8C84FA94-04C1-424b-9868-57A2D4851A1D" />
    <TestEntry testId="1eef6332-d305-e0c1-1363-2f0ec76182a9" executionId="9bb39e92-29ea-415f-8826-c96604876794" testListId="8C84FA94-04C1-424b-9868-57A2D4851A1D" />
    <TestEntry testId="401b382e-0930-a56c-10c1-f94d720498a6" executionId="d20a26cd-98e3-4169-b6d3-21604c6cafc7" testListId="8C84FA94-04C1-424b-9868-57A2D4851A1D" />
    <TestEntry testId="e9c5dfc4-7cbf-06e4-111a-7c9177ab9591" executionId="7abd05e1-035a-48b9-9622-f3b119dfc2d9" testListId="8C84FA94-04C1-424b-9868-57A2D4851A1D" />
    <TestEntry testId="94422f7f-3697-7497-c7c9-e1ffbb4ac2e2" executionId="27233e5a-2c3e-48f7-a91b-49724222cfdf" testListId="8C84FA94-04C1-424b-9868-57A2D4851A1D" />
    <TestEntry testId="94652f98-bfef-b64a-86f8-0167f7e1e58e" executionId="66a2cb94-4e50-4beb-8640-fa2f7794e911" testListId="8C84FA94-04C1-424b-9868-57A2D4851A1D" />
    <TestEntry testId="900c354d-ebec-b2e9-88eb-eaccc0fc0248" executionId="eb5241c5-921c-4002-b169-72f8142ffc21" testListId="8C84FA94-04C1-424b-9868-57A2D4851A1D" />
    <TestEntry testId="8bc1b554-cf5a-d37c-eba6-1785e677bb2e" executionId="e63a2c4c-472c-49b4-a3d3-fa4c6693f94f" testListId="8C84FA94-04C1-424b-9868-57A2D4851A1D" />
    <TestEntry testId="20cb3881-19bc-732b-cb05-d0f62fa22a52" executionId="6c06d8e7-5676-4cd0-bde2-1f48172168cd" testListId="8C84FA94-04C1-424b-9868-57A2D4851A1D" />
    <TestEntry testId="a2501b1f-3603-3122-955c-436b17a10c81" executionId="3864b458-9e3c-4ffa-bcd1-ee9e423bf3e2" testListId="8C84FA94-04C1-424b-9868-57A2D4851A1D" />
    <TestEntry testId="4270af0c-7c2c-aa1a-3bf2-e7120df6bf31" executionId="046e77fe-db21-498f-b752-42cde7288219" testListId="8C84FA94-04C1-424b-9868-57A2D4851A1D" />
    <TestEntry testId="18b2b805-4d9a-0e69-da2e-8e58223c3542" executionId="747c95ec-f2b8-4939-a7f1-e82bdb5c1bf9" testListId="8C84FA94-04C1-424b-9868-57A2D4851A1D" />
    <TestEntry testId="2b4e2729-cac2-bddc-3ba2-534787c119e7" executionId="366dbd6d-ef4b-48bc-a2b3-f5e417a300c6" testListId="8C84FA94-04C1-424b-9868-57A2D4851A1D" />
    <TestEntry testId="f579ffed-312f-7d62-580b-62bc46edffa3" executionId="324bb31d-e86c-462d-9f43-b6e988724baa" testListId="8C84FA94-04C1-424b-9868-57A2D4851A1D" />
    <TestEntry testId="3bb77c43-f3df-ea4b-6c91-cc9d5cac729d" executionId="6d6714e6-c683-435c-a9a0-9c6f92052422" testListId="8C84FA94-04C1-424b-9868-57A2D4851A1D" />
    <TestEntry testId="bcfff1d7-00e8-bcaa-7221-b87064479ec4" executionId="0e21a5fb-987e-43eb-a55d-78bd06485ad8" testListId="8C84FA94-04C1-424b-9868-57A2D4851A1D" />
    <TestEntry testId="5e7888e4-a3f7-488b-5c11-48d5147c46d3" executionId="e3cf7c73-d2da-4bb4-b346-0202f5395658" testListId="8C84FA94-04C1-424b-9868-57A2D4851A1D" />
    <TestEntry testId="de423b8a-c96f-7d56-a0da-a0418a26693c" executionId="8388febd-34d3-4ca1-a30d-1fd7f2b01e5b" testListId="8C84FA94-04C1-424b-9868-57A2D4851A1D" />
    <TestEntry testId="67fe0a30-756a-815a-b224-2e3b5d2a616d" executionId="b370aca7-e560-454d-8387-a2f515fbc8dc" testListId="8C84FA94-04C1-424b-9868-57A2D4851A1D" />
    <TestEntry testId="c2abbf0e-f5e8-32d3-b7fe-103d16852636" executionId="56dfe63e-7be9-4b9f-a177-94088b45704e" testListId="8C84FA94-04C1-424b-9868-57A2D4851A1D" />
    <TestEntry testId="c5f289f6-7b61-1f3e-afe5-919ab807fcc9" executionId="fe86166e-46f7-49fe-95f6-c50137931d4b" testListId="8C84FA94-04C1-424b-9868-57A2D4851A1D" />
    <TestEntry testId="086e1e74-79ca-56b0-e20e-993905840276" executionId="f5581839-6182-419c-b917-01a701416537" testListId="8C84FA94-04C1-424b-9868-57A2D4851A1D" />
    <TestEntry testId="146cf756-0803-4cc4-2037-899f6fda16c0" executionId="2cffbf34-bc3e-4555-a75f-79165399e034" testListId="8C84FA94-04C1-424b-9868-57A2D4851A1D" />
    <TestEntry testId="853d863d-525c-7f5f-0eb2-a10bd4772c75" executionId="a45bc556-66e1-473c-b4c2-c6f5dfdf4e44" testListId="8C84FA94-04C1-424b-9868-57A2D4851A1D" />
    <TestEntry testId="f83f0f1a-905c-c16d-84fa-9cfd5b73c560" executionId="058c2ec4-6951-4597-8121-39498a1d372e" testListId="8C84FA94-04C1-424b-9868-57A2D4851A1D" />
    <TestEntry testId="0d464a05-2f42-3abe-78bf-6f1ed6a4dab2" executionId="cda5abb3-9e66-4765-82c8-23a2bf7ab988" testListId="8C84FA94-04C1-424b-9868-57A2D4851A1D" />
    <TestEntry testId="3d6ce947-f937-693b-e2ee-bb4baa025b0a" executionId="2392638d-6285-47db-a5c0-3d98350a4c9a" testListId="8C84FA94-04C1-424b-9868-57A2D4851A1D" />
    <TestEntry testId="5020047c-d991-2545-d9e5-a670e3391e5a" executionId="36fc5c16-0a87-4970-a635-b51fca5f6b7a" testListId="8C84FA94-04C1-424b-9868-57A2D4851A1D" />
    <TestEntry testId="39d0b5c6-56c4-f4af-7e4f-a49e4e6d34f5" executionId="5b8f85f4-0d7e-4de6-bde2-9bae31739e1f" testListId="8C84FA94-04C1-424b-9868-57A2D4851A1D" />
    <TestEntry testId="32234bc3-696a-f285-79d0-b4292d91d5d3" executionId="d1e27ca9-b0fa-4ff5-bf7b-30a24c1bb5c9" testListId="8C84FA94-04C1-424b-9868-57A2D4851A1D" />
    <TestEntry testId="ee82ec24-4b7b-7945-653f-59709382e551" executionId="079fa3b7-fdfc-4779-8388-97021a0f2ef3" testListId="8C84FA94-04C1-424b-9868-57A2D4851A1D" />
    <TestEntry testId="bd8182d3-3f2f-9b0e-29ab-b29243fd77e7" executionId="474bb065-1416-4e91-bb91-f355e4f9a595" testListId="8C84FA94-04C1-424b-9868-57A2D4851A1D" />
    <TestEntry testId="1914839a-b75d-7fe0-e9c1-3dd3f4ba0e2e" executionId="2ece4548-1037-4e5b-ae85-9cadbb8af715" testListId="8C84FA94-04C1-424b-9868-57A2D4851A1D" />
    <TestEntry testId="d4e0b563-ef38-8fec-4e3d-7a608c79bc53" executionId="bc1349e6-da7b-4f4c-891d-550ddaa5d066" testListId="8C84FA94-04C1-424b-9868-57A2D4851A1D" />
    <TestEntry testId="a0aa977c-9132-3335-7092-f92e86543d32" executionId="7c4854b1-95bb-417c-adbd-ff208b083901" testListId="8C84FA94-04C1-424b-9868-57A2D4851A1D" />
    <TestEntry testId="af552e33-547d-4a04-c8e6-9761ffe7a4bf" executionId="8a445e64-9296-4b3e-9f84-3e1b752d1b8c" testListId="8C84FA94-04C1-424b-9868-57A2D4851A1D" />
    <TestEntry testId="1d5f2dfd-fe7d-46a5-1202-c49da91d5cb0" executionId="66e2a0fd-7eac-42db-8f99-e0ac1aed849d" testListId="8C84FA94-04C1-424b-9868-57A2D4851A1D" />
    <TestEntry testId="b6193feb-d839-6b63-761c-fef18e3f9e2c" executionId="c662e84a-95d7-44f5-83aa-a3833a041939" testListId="8C84FA94-04C1-424b-9868-57A2D4851A1D" />
    <TestEntry testId="06b1c53f-6969-b945-9683-5411fde767f8" executionId="89745f07-a326-4ef8-953e-f1145acd2a8d" testListId="8C84FA94-04C1-424b-9868-57A2D4851A1D" />
    <TestEntry testId="2ee17c36-8a19-eaf9-b8cb-a44b12db813a" executionId="742a0daf-7da0-4332-977b-d11556998a6d" testListId="8C84FA94-04C1-424b-9868-57A2D4851A1D" />
    <TestEntry testId="4cca452c-4a3b-310f-6e60-a4a7038c670c" executionId="8d2d5dfb-3ad9-4933-b307-d54a4e1b40d9" testListId="8C84FA94-04C1-424b-9868-57A2D4851A1D" />
    <TestEntry testId="702e38f4-d9c6-93dc-3d3d-91c517154940" executionId="f058d4e0-6bf2-4925-994b-d928791bd68b" testListId="8C84FA94-04C1-424b-9868-57A2D4851A1D" />
    <TestEntry testId="e01bc05d-0b57-5b61-7ed6-919163cec833" executionId="1bee936a-c262-49c5-939b-d17646716d02" testListId="8C84FA94-04C1-424b-9868-57A2D4851A1D" />
    <TestEntry testId="e06d053f-e246-11b4-7997-f99315052e75" executionId="41d40885-39ce-4daa-ace0-b30b03c9cab8" testListId="8C84FA94-04C1-424b-9868-57A2D4851A1D" />
    <TestEntry testId="1abe5d7f-0e19-af18-dd02-0a0c86c867cd" executionId="c39671b9-b6a6-4261-ba8d-ad364f71a3d7" testListId="8C84FA94-04C1-424b-9868-57A2D4851A1D" />
    <TestEntry testId="f8715687-5d4d-7df0-8f77-b9d600b2f81f" executionId="2dd7245b-8f89-4b28-86f7-987d7d90d342" testListId="8C84FA94-04C1-424b-9868-57A2D4851A1D" />
    <TestEntry testId="776d868c-78be-4e74-1b39-696eaed1f2e0" executionId="a7115599-d855-4a3d-96be-0d7ff82109bb" testListId="8C84FA94-04C1-424b-9868-57A2D4851A1D" />
    <TestEntry testId="b224434f-47ff-4f6e-74f8-7b18ae6a9e36" executionId="41f3dd7b-2611-4031-a5e5-b9cb1354f339" testListId="8C84FA94-04C1-424b-9868-57A2D4851A1D" />
    <TestEntry testId="e21c8faf-e4aa-654e-0781-56c38f1f10a5" executionId="6ab8b529-0b9c-4a88-bd1a-58640a0acb3a" testListId="8C84FA94-04C1-424b-9868-57A2D4851A1D" />
    <TestEntry testId="534fe618-0ce7-f049-9e34-4d8843b79d11" executionId="771bc0a2-60b1-45ed-a675-a150b96f49b5" testListId="8C84FA94-04C1-424b-9868-57A2D4851A1D" />
    <TestEntry testId="914375eb-1a1e-4998-4654-0e7380896029" executionId="d0d77c3b-1354-4f0c-8d46-9ebad6ba3674" testListId="8C84FA94-04C1-424b-9868-57A2D4851A1D" />
    <TestEntry testId="fd7295ae-c15d-5aa8-4fe2-6e804a06a6fe" executionId="5876f408-d8d3-4bbd-884b-c7d7ffed4769" testListId="8C84FA94-04C1-424b-9868-57A2D4851A1D" />
    <TestEntry testId="b29010d7-a207-c552-a969-583e00a04fa0" executionId="62624caa-57f2-4cca-92b5-5d3652d30da2" testListId="8C84FA94-04C1-424b-9868-57A2D4851A1D" />
    <TestEntry testId="9d5a84c2-954a-ca5c-936c-2a84baf4b0cd" executionId="8e1fb797-8666-4aba-8705-00dc9544b609" testListId="8C84FA94-04C1-424b-9868-57A2D4851A1D" />
    <TestEntry testId="c60b3405-1b66-e031-3bae-11d5cd8ae8df" executionId="e442db53-9d0c-4593-9955-7c2d7877f156" testListId="8C84FA94-04C1-424b-9868-57A2D4851A1D" />
    <TestEntry testId="f447cc19-4fd3-26b6-7e6b-8410900ca1ff" executionId="3e119a21-da53-4524-8035-f7db87e0dc88" testListId="8C84FA94-04C1-424b-9868-57A2D4851A1D" />
    <TestEntry testId="101a205b-b19b-ade6-c54d-925259463d4f" executionId="a01ff10a-c7fb-4170-ac85-c5ac0fbfce91" testListId="8C84FA94-04C1-424b-9868-57A2D4851A1D" />
    <TestEntry testId="e9fe7f35-1c94-1bfb-d574-3cac6a8c3427" executionId="46d8a916-0996-4ff3-becc-388b6ad17e98" testListId="8C84FA94-04C1-424b-9868-57A2D4851A1D" />
    <TestEntry testId="da38b223-b9ad-d70d-00fc-01e03c3f63ae" executionId="8832f4cf-4810-4074-ad37-c896d16e6451" testListId="8C84FA94-04C1-424b-9868-57A2D4851A1D" />
    <TestEntry testId="c71a0c13-b8f6-49f1-bb2d-507eae3c96c0" executionId="9c509f38-cd7d-4b95-b99f-98a3674f1f46" testListId="8C84FA94-04C1-424b-9868-57A2D4851A1D" />
    <TestEntry testId="0c82ca90-7028-f4a2-1581-05d0cfce938a" executionId="e4cdc7ed-6097-4b51-962a-e4a9fb98b7e2" testListId="8C84FA94-04C1-424b-9868-57A2D4851A1D" />
    <TestEntry testId="d4d16756-c50e-83c1-d93d-5d310b6d0ec4" executionId="3b1e5159-f1ee-4700-aed6-f53e5c5133fd" testListId="8C84FA94-04C1-424b-9868-57A2D4851A1D" />
    <TestEntry testId="62f4aada-bb14-238e-76a5-6ef5823567b4" executionId="5774e33a-fbb7-460c-b44f-e266dd492a19" testListId="8C84FA94-04C1-424b-9868-57A2D4851A1D" />
    <TestEntry testId="c8c8febd-0c6d-b2f5-389e-9697efd04809" executionId="609ee584-968f-40b9-9cf2-17e1bf8a59f9" testListId="8C84FA94-04C1-424b-9868-57A2D4851A1D" />
    <TestEntry testId="bdb33e9c-8cee-559d-1e6d-3a9090842269" executionId="fb3ba082-dc30-4eab-b953-5136e84a7397" testListId="8C84FA94-04C1-424b-9868-57A2D4851A1D" />
    <TestEntry testId="d56f0b1b-c998-00e7-b7d0-55ca9888ed70" executionId="546b6f77-5eaa-4d72-ab91-3d3bed2c1e8c" testListId="8C84FA94-04C1-424b-9868-57A2D4851A1D" />
    <TestEntry testId="2c79e07d-0133-3383-653c-9180ef89bebf" executionId="95fddfb7-4f28-41e6-9c2c-aef2e85186f2" testListId="8C84FA94-04C1-424b-9868-57A2D4851A1D" />
    <TestEntry testId="fbaa2eee-0ca5-fcaf-9767-135ff904765b" executionId="dcb877cf-e436-41e4-a0aa-995c63264918" testListId="8C84FA94-04C1-424b-9868-57A2D4851A1D" />
    <TestEntry testId="6c5e0e6d-28d1-6d51-4d90-6863105db8b4" executionId="3f56f92d-d5f6-4c58-a4af-2cb99c774611" testListId="8C84FA94-04C1-424b-9868-57A2D4851A1D" />
    <TestEntry testId="22fc0b7a-cfc6-8e23-6d9c-f80feb263331" executionId="87acced1-236e-4ac5-8dd9-bddc09768d2a" testListId="8C84FA94-04C1-424b-9868-57A2D4851A1D" />
    <TestEntry testId="bcfb503f-0b52-92f1-a3cd-c1059bf2d5e4" executionId="c5f55961-2cd7-4748-9da0-b1c5eaa683ac" testListId="8C84FA94-04C1-424b-9868-57A2D4851A1D" />
    <TestEntry testId="29b1369e-d260-08d2-3e7c-339b6fbe9bd6" executionId="619dae34-1111-4655-975f-a9d4b94db463" testListId="8C84FA94-04C1-424b-9868-57A2D4851A1D" />
    <TestEntry testId="2ddb1c7c-ea69-bd96-c6ec-4eff1a6eaaed" executionId="387fadf0-df4c-4277-98d8-4bb43dcc689a" testListId="8C84FA94-04C1-424b-9868-57A2D4851A1D" />
    <TestEntry testId="a929f403-d26a-aaf3-c3e6-b0fb621c58bd" executionId="f06c5be9-b6c6-4077-a4f0-f9baf24d485d" testListId="8C84FA94-04C1-424b-9868-57A2D4851A1D" />
    <TestEntry testId="338c3051-d295-12dc-1820-a88345602753" executionId="742b2808-d14a-4958-a9b2-7aa14b51daaf" testListId="8C84FA94-04C1-424b-9868-57A2D4851A1D" />
    <TestEntry testId="363dd274-6b0d-f298-11ca-20a2caa6d40c" executionId="201d8126-22ec-487c-88cd-dd87bbb70c14" testListId="8C84FA94-04C1-424b-9868-57A2D4851A1D" />
    <TestEntry testId="9d87fc9d-d87f-fef5-aa1b-c6096c64615d" executionId="c221ec42-ee2b-41a9-8aef-1123d879051d" testListId="8C84FA94-04C1-424b-9868-57A2D4851A1D" />
    <TestEntry testId="8856e326-9a4b-80ae-1f91-cf512623dd4b" executionId="de94e83e-79ad-46c7-964f-20d377bb22af" testListId="8C84FA94-04C1-424b-9868-57A2D4851A1D" />
    <TestEntry testId="75ecb086-4c5d-b0de-9fae-519d9a6d982c" executionId="8ab3070d-24f1-4706-952b-d894391868d1" testListId="8C84FA94-04C1-424b-9868-57A2D4851A1D" />
    <TestEntry testId="7a461031-4492-7a27-4fa4-47ecb099d5cf" executionId="3a3f2316-d7a9-419f-8c7d-ed7c2d1b4b57" testListId="8C84FA94-04C1-424b-9868-57A2D4851A1D" />
    <TestEntry testId="19e761f0-5015-8b23-339d-c10032cf3882" executionId="dc619b24-1063-492e-88c6-15127b5c79cc" testListId="8C84FA94-04C1-424b-9868-57A2D4851A1D" />
    <TestEntry testId="d8870c19-c28c-2c58-978f-f86fc00252f0" executionId="cf60f9f4-736c-4b8f-805c-54482cc87133" testListId="8C84FA94-04C1-424b-9868-57A2D4851A1D" />
    <TestEntry testId="84cae154-3c99-6d15-0f8a-4e3aa44af335" executionId="881b457d-eaae-4a92-9a21-b41b7808b3b8" testListId="8C84FA94-04C1-424b-9868-57A2D4851A1D" />
    <TestEntry testId="ea13a774-ff02-99ef-0fe0-a19b26c2fce3" executionId="d237f078-5c73-4f66-944e-fc71c12a8d66" testListId="8C84FA94-04C1-424b-9868-57A2D4851A1D" />
    <TestEntry testId="446b1397-214d-4576-2ef2-1853ba7cb3e6" executionId="0b647f15-3182-4179-9808-5e18b14c4011" testListId="8C84FA94-04C1-424b-9868-57A2D4851A1D" />
    <TestEntry testId="5c76ff20-0d49-3923-f13c-146dc5614963" executionId="3fec3b1e-f092-41f7-bf4b-70a52895837c" testListId="8C84FA94-04C1-424b-9868-57A2D4851A1D" />
    <TestEntry testId="24ec6b7b-6534-8b57-a40b-a42e1ef206d0" executionId="d00c1de0-fb5d-4b95-8aef-5212eb894d3a" testListId="8C84FA94-04C1-424b-9868-57A2D4851A1D" />
  </TestEntries>
  <TestLists>
    <TestList name="Results Not in a List" id="8C84FA94-04C1-424b-9868-57A2D4851A1D" />
    <TestList name="All Loaded Results" id="19431567-8539-422a-85d7-44ee4e166bda" />
  </TestLists>
  <ResultSummary outcome="Failed">
    <Counters total="174" executed="174" passed="0" failed="174" error="0" timeout="0" aborted="0" inconclusive="0" passedButRunAborted="0" notRunnable="0" notExecuted="0" disconnected="0" warning="0" completed="0" inProgress="0" pending="0" />
    <RunInfos>
      <RunInfo computerName="QINS-WINDOWS" outcome="Error" timestamp="2026-04-18T15:15:51.5611067">
        <Text>Exit code indicates failure: '2'. Please refer to https://aka.ms/testingplatform/exitcodes for more information.</Text>
      </RunInfo>
    </RunInfos>
    <CollectorDataEntries>
      <Collector agentName="QINS-WINDOWS" uri="datacollector://TUnitExtensionHtmlReporter/1.35.2.0" collectorDisplayName="TUnit">
        <UriAttachments>
          <UriAttachment>
            <A href="QINS-WINDOWS\GeeksHackingPortal.Tests-windows-net10.0-report.html" />
          </UriAttachment>
        </UriAttachments>
      </Collector>
    </CollectorDataEntries>
  </ResultSummary>
</TestRun>